{"C:\\Users\\maria\\OneDrive\\Desktop\\projects\\CMP web project\\Backend\\controllers\\authcontroller.js": {"path":"C:\\Users\\maria\\OneDrive\\Desktop\\projects\\CMP web project\\Backend\\controllers\\authcontroller.js","statementMap":{"0":{"start":{"line":1,"column":20},"end":{"line":1,"column":35}},"1":{"start":{"line":2,"column":15},"end":{"line":2,"column":32}},"2":{"start":{"line":3,"column":18},"end":{"line":3,"column":48}},"3":{"start":{"line":4,"column":22},"end":{"line":4,"column":58}},"4":{"start":{"line":6,"column":19},"end":{"line":6,"column":51}},"5":{"start":{"line":7,"column":12},"end":{"line":7,"column":35}},"6":{"start":{"line":8,"column":17},"end":{"line":8,"column":47}},"7":{"start":{"line":9,"column":20},"end":{"line":9,"column":65}},"8":{"start":{"line":10,"column":21},"end":{"line":10,"column":55}},"9":{"start":{"line":11,"column":23},"end":{"line":11,"column":58}},"10":{"start":{"line":12,"column":14},"end":{"line":12,"column":30}},"11":{"start":{"line":13,"column":18},"end":{"line":23,"column":1}},"12":{"start":{"line":14,"column":2},"end":{"line":22,"column":4}},"13":{"start":{"line":24,"column":30},"end":{"line":34,"column":1}},"14":{"start":{"line":25,"column":2},"end":{"line":27,"column":3}},"15":{"start":{"line":26,"column":4},"end":{"line":26,"column":11}},"16":{"start":{"line":28,"column":16},"end":{"line":28,"column":54}},"17":{"start":{"line":29,"column":2},"end":{"line":29,"column":31}},"18":{"start":{"line":30,"column":2},"end":{"line":32,"column":27}},"19":{"start":{"line":33,"column":2},"end":{"line":33,"column":15}},"20":{"start":{"line":35,"column":24},"end":{"line":53,"column":1}},"21":{"start":{"line":36,"column":16},"end":{"line":36,"column":35}},"22":{"start":{"line":37,"column":24},"end":{"line":42,"column":3}},"23":{"start":{"line":43,"column":2},"end":{"line":43,"column":73}},"24":{"start":{"line":43,"column":45},"end":{"line":43,"column":73}},"25":{"start":{"line":44,"column":2},"end":{"line":44,"column":42}},"26":{"start":{"line":45,"column":2},"end":{"line":45,"column":28}},"27":{"start":{"line":46,"column":2},"end":{"line":52,"column":5}},"28":{"start":{"line":55,"column":0},"end":{"line":69,"column":3}},"29":{"start":{"line":56,"column":22},"end":{"line":56,"column":37}},"30":{"start":{"line":57,"column":2},"end":{"line":59,"column":3}},"31":{"start":{"line":58,"column":4},"end":{"line":58,"column":61}},"32":{"start":{"line":60,"column":17},"end":{"line":60,"column":107}},"33":{"start":{"line":61,"column":2},"end":{"line":63,"column":3}},"34":{"start":{"line":62,"column":4},"end":{"line":62,"column":67}},"35":{"start":{"line":64,"column":15},"end":{"line":64,"column":68}},"36":{"start":{"line":65,"column":2},"end":{"line":67,"column":3}},"37":{"start":{"line":66,"column":4},"end":{"line":66,"column":53}},"38":{"start":{"line":68,"column":2},"end":{"line":68,"column":34}},"39":{"start":{"line":70,"column":0},"end":{"line":97,"column":3}},"40":{"start":{"line":71,"column":22},"end":{"line":71,"column":37}},"41":{"start":{"line":72,"column":18},"end":{"line":72,"column":108}},"42":{"start":{"line":73,"column":2},"end":{"line":75,"column":3}},"43":{"start":{"line":74,"column":4},"end":{"line":74,"column":67}},"44":{"start":{"line":76,"column":15},"end":{"line":76,"column":68}},"45":{"start":{"line":77,"column":2},"end":{"line":79,"column":3}},"46":{"start":{"line":78,"column":4},"end":{"line":78,"column":58}},"47":{"start":{"line":80,"column":20},"end":{"line":80,"column":38}},"48":{"start":{"line":81,"column":18},"end":{"line":81,"column":34}},"49":{"start":{"line":82,"column":16},"end":{"line":82,"column":35}},"50":{"start":{"line":83,"column":19},"end":{"line":83,"column":36}},"51":{"start":{"line":84,"column":19},"end":{"line":84,"column":35}},"52":{"start":{"line":85,"column":26},"end":{"line":85,"column":42}},"53":{"start":{"line":86,"column":16},"end":{"line":86,"column":31}},"54":{"start":{"line":87,"column":2},"end":{"line":89,"column":3}},"55":{"start":{"line":88,"column":4},"end":{"line":88,"column":64}},"56":{"start":{"line":90,"column":19},"end":{"line":90,"column":49}},"57":{"start":{"line":91,"column":18},"end":{"line":92,"column":117}},"58":{"start":{"line":93,"column":2},"end":{"line":93,"column":24}},"59":{"start":{"line":94,"column":2},"end":{"line":94,"column":34}},"60":{"start":{"line":95,"column":2},"end":{"line":95,"column":23}},"61":{"start":{"line":96,"column":2},"end":{"line":96,"column":37}},"62":{"start":{"line":98,"column":0},"end":{"line":125,"column":3}},"63":{"start":{"line":99,"column":16},"end":{"line":99,"column":30}},"64":{"start":{"line":100,"column":19},"end":{"line":100,"column":36}},"65":{"start":{"line":101,"column":19},"end":{"line":101,"column":36}},"66":{"start":{"line":103,"column":2},"end":{"line":105,"column":3}},"67":{"start":{"line":104,"column":4},"end":{"line":104,"column":62}},"68":{"start":{"line":106,"column":2},"end":{"line":108,"column":3}},"69":{"start":{"line":107,"column":4},"end":{"line":107,"column":68}},"70":{"start":{"line":111,"column":2},"end":{"line":113,"column":3}},"71":{"start":{"line":112,"column":4},"end":{"line":112,"column":71}},"72":{"start":{"line":114,"column":2},"end":{"line":116,"column":3}},"73":{"start":{"line":115,"column":4},"end":{"line":115,"column":77}},"74":{"start":{"line":117,"column":2},"end":{"line":119,"column":3}},"75":{"start":{"line":118,"column":4},"end":{"line":118,"column":66}},"76":{"start":{"line":120,"column":2},"end":{"line":122,"column":3}},"77":{"start":{"line":121,"column":4},"end":{"line":121,"column":113}},"78":{"start":{"line":124,"column":2},"end":{"line":124,"column":34}},"79":{"start":{"line":126,"column":0},"end":{"line":133,"column":3}},"80":{"start":{"line":127,"column":2},"end":{"line":127,"column":86}},"81":{"start":{"line":128,"column":2},"end":{"line":128,"column":25}},"82":{"start":{"line":129,"column":2},"end":{"line":132,"column":5}},"83":{"start":{"line":135,"column":0},"end":{"line":165,"column":3}},"84":{"start":{"line":136,"column":19},"end":{"line":136,"column":36}},"85":{"start":{"line":137,"column":16},"end":{"line":137,"column":30}},"86":{"start":{"line":138,"column":2},"end":{"line":140,"column":3}},"87":{"start":{"line":139,"column":4},"end":{"line":139,"column":68}},"88":{"start":{"line":142,"column":2},"end":{"line":146,"column":3}},"89":{"start":{"line":143,"column":4},"end":{"line":143,"column":51}},"90":{"start":{"line":145,"column":4},"end":{"line":145,"column":57}},"91":{"start":{"line":148,"column":2},"end":{"line":150,"column":3}},"92":{"start":{"line":149,"column":4},"end":{"line":149,"column":53}},"93":{"start":{"line":151,"column":2},"end":{"line":153,"column":3}},"94":{"start":{"line":152,"column":4},"end":{"line":152,"column":56}},"95":{"start":{"line":154,"column":21},"end":{"line":154,"column":52}},"96":{"start":{"line":155,"column":2},"end":{"line":155,"column":47}},"97":{"start":{"line":156,"column":2},"end":{"line":160,"column":4}},"98":{"start":{"line":161,"column":2},"end":{"line":164,"column":5}},"99":{"start":{"line":166,"column":0},"end":{"line":181,"column":3}},"100":{"start":{"line":167,"column":16},"end":{"line":167,"column":32}},"101":{"start":{"line":168,"column":22},"end":{"line":168,"column":77}},"102":{"start":{"line":169,"column":15},"end":{"line":172,"column":4}},"103":{"start":{"line":173,"column":2},"end":{"line":175,"column":3}},"104":{"start":{"line":174,"column":4},"end":{"line":174,"column":70}},"105":{"start":{"line":177,"column":2},"end":{"line":180,"column":5}},"106":{"start":{"line":182,"column":0},"end":{"line":203,"column":3}},"107":{"start":{"line":183,"column":16},"end":{"line":183,"column":32}},"108":{"start":{"line":184,"column":19},"end":{"line":184,"column":36}},"109":{"start":{"line":185,"column":26},"end":{"line":185,"column":50}},"110":{"start":{"line":186,"column":2},"end":{"line":188,"column":3}},"111":{"start":{"line":187,"column":4},"end":{"line":187,"column":82}},"112":{"start":{"line":189,"column":22},"end":{"line":189,"column":77}},"113":{"start":{"line":190,"column":15},"end":{"line":193,"column":4}},"114":{"start":{"line":194,"column":2},"end":{"line":196,"column":3}},"115":{"start":{"line":195,"column":4},"end":{"line":195,"column":70}},"116":{"start":{"line":197,"column":2},"end":{"line":197,"column":38}},"117":{"start":{"line":198,"column":2},"end":{"line":198,"column":40}},"118":{"start":{"line":199,"column":2},"end":{"line":199,"column":27}},"119":{"start":{"line":200,"column":2},"end":{"line":200,"column":41}},"120":{"start":{"line":201,"column":2},"end":{"line":201,"column":20}},"121":{"start":{"line":202,"column":2},"end":{"line":202,"column":34}},"122":{"start":{"line":204,"column":0},"end":{"line":222,"column":3}},"123":{"start":{"line":205,"column":24},"end":{"line":205,"column":48}},"124":{"start":{"line":206,"column":20},"end":{"line":206,"column":40}},"125":{"start":{"line":207,"column":24},"end":{"line":207,"column":48}},"126":{"start":{"line":208,"column":2},"end":{"line":210,"column":3}},"127":{"start":{"line":209,"column":4},"end":{"line":209,"column":64}},"128":{"start":{"line":211,"column":13},"end":{"line":211,"column":70}},"129":{"start":{"line":212,"column":2},"end":{"line":214,"column":3}},"130":{"start":{"line":213,"column":4},"end":{"line":213,"column":90}},"131":{"start":{"line":215,"column":2},"end":{"line":217,"column":3}},"132":{"start":{"line":216,"column":4},"end":{"line":216,"column":60}},"133":{"start":{"line":218,"column":2},"end":{"line":218,"column":28}},"134":{"start":{"line":219,"column":2},"end":{"line":219,"column":39}},"135":{"start":{"line":220,"column":2},"end":{"line":220,"column":20}},"136":{"start":{"line":221,"column":2},"end":{"line":221,"column":34}},"137":{"start":{"line":223,"column":0},"end":{"line":237,"column":3}},"138":{"start":{"line":224,"column":14},"end":{"line":224,"column":28}},"139":{"start":{"line":225,"column":2},"end":{"line":227,"column":3}},"140":{"start":{"line":226,"column":4},"end":{"line":226,"column":59}},"141":{"start":{"line":228,"column":13},"end":{"line":228,"column":52}},"142":{"start":{"line":229,"column":2},"end":{"line":231,"column":3}},"143":{"start":{"line":230,"column":4},"end":{"line":230,"column":53}},"144":{"start":{"line":232,"column":2},"end":{"line":232,"column":75}},"145":{"start":{"line":233,"column":2},"end":{"line":236,"column":5}},"146":{"start":{"line":238,"column":0},"end":{"line":271,"column":3}},"147":{"start":{"line":240,"column":2},"end":{"line":247,"column":3}},"148":{"start":{"line":244,"column":4},"end":{"line":244,"column":52}},"149":{"start":{"line":245,"column":9},"end":{"line":247,"column":3}},"150":{"start":{"line":246,"column":4},"end":{"line":246,"column":28}},"151":{"start":{"line":248,"column":2},"end":{"line":252,"column":3}},"152":{"start":{"line":249,"column":4},"end":{"line":251,"column":6}},"153":{"start":{"line":253,"column":18},"end":{"line":253,"column":76}},"154":{"start":{"line":254,"column":15},"end":{"line":254,"column":55}},"155":{"start":{"line":255,"column":2},"end":{"line":262,"column":3}},"156":{"start":{"line":256,"column":4},"end":{"line":261,"column":6}},"157":{"start":{"line":263,"column":2},"end":{"line":267,"column":3}},"158":{"start":{"line":264,"column":4},"end":{"line":266,"column":6}},"159":{"start":{"line":268,"column":2},"end":{"line":268,"column":18}},"160":{"start":{"line":269,"column":2},"end":{"line":269,"column":47}},"161":{"start":{"line":270,"column":2},"end":{"line":270,"column":9}},"162":{"start":{"line":272,"column":0},"end":{"line":308,"column":3}},"163":{"start":{"line":273,"column":11},"end":{"line":273,"column":65}},"164":{"start":{"line":274,"column":2},"end":{"line":276,"column":3}},"165":{"start":{"line":275,"column":4},"end":{"line":275,"column":56}},"166":{"start":{"line":277,"column":2},"end":{"line":277,"column":58}},"167":{"start":{"line":278,"column":2},"end":{"line":280,"column":3}},"168":{"start":{"line":279,"column":4},"end":{"line":279,"column":57}},"169":{"start":{"line":281,"column":2},"end":{"line":283,"column":3}},"170":{"start":{"line":282,"column":4},"end":{"line":282,"column":67}},"171":{"start":{"line":284,"column":20},"end":{"line":284,"column":38}},"172":{"start":{"line":285,"column":18},"end":{"line":285,"column":34}},"173":{"start":{"line":286,"column":16},"end":{"line":286,"column":30}},"174":{"start":{"line":287,"column":19},"end":{"line":287,"column":36}},"175":{"start":{"line":288,"column":19},"end":{"line":288,"column":36}},"176":{"start":{"line":289,"column":26},"end":{"line":289,"column":50}},"177":{"start":{"line":290,"column":16},"end":{"line":290,"column":31}},"178":{"start":{"line":291,"column":2},"end":{"line":293,"column":3}},"179":{"start":{"line":292,"column":4},"end":{"line":292,"column":64}},"180":{"start":{"line":294,"column":19},"end":{"line":294,"column":49}},"181":{"start":{"line":295,"column":18},"end":{"line":296,"column":117}},"182":{"start":{"line":297,"column":2},"end":{"line":297,"column":25}},"183":{"start":{"line":298,"column":2},"end":{"line":298,"column":34}},"184":{"start":{"line":299,"column":2},"end":{"line":301,"column":3}},"185":{"start":{"line":300,"column":4},"end":{"line":300,"column":42}},"186":{"start":{"line":303,"column":14},"end":{"line":303,"column":44}},"187":{"start":{"line":304,"column":2},"end":{"line":304,"column":33}},"188":{"start":{"line":305,"column":2},"end":{"line":305,"column":23}},"189":{"start":{"line":307,"column":2},"end":{"line":307,"column":37}},"190":{"start":{"line":309,"column":0},"end":{"line":324,"column":3}},"191":{"start":{"line":310,"column":13},"end":{"line":310,"column":69}},"192":{"start":{"line":311,"column":2},"end":{"line":313,"column":3}},"193":{"start":{"line":312,"column":4},"end":{"line":312,"column":53}},"194":{"start":{"line":314,"column":2},"end":{"line":316,"column":3}},"195":{"start":{"line":315,"column":4},"end":{"line":315,"column":52}},"196":{"start":{"line":317,"column":2},"end":{"line":317,"column":21}},"197":{"start":{"line":318,"column":2},"end":{"line":318,"column":35}},"198":{"start":{"line":319,"column":2},"end":{"line":319,"column":20}},"199":{"start":{"line":320,"column":2},"end":{"line":323,"column":5}},"200":{"start":{"line":326,"column":0},"end":{"line":343,"column":3}},"201":{"start":{"line":326,"column":39},"end":{"line":343,"column":2}},"202":{"start":{"line":327,"column":16},"end":{"line":327,"column":63}},"203":{"start":{"line":329,"column":20},"end":{"line":329,"column":69}},"204":{"start":{"line":330,"column":2},"end":{"line":332,"column":3}},"205":{"start":{"line":331,"column":4},"end":{"line":331,"column":58}},"206":{"start":{"line":334,"column":2},"end":{"line":336,"column":3}},"207":{"start":{"line":335,"column":4},"end":{"line":335,"column":18}},"208":{"start":{"line":338,"column":21},"end":{"line":338,"column":105}},"209":{"start":{"line":339,"column":2},"end":{"line":341,"column":3}},"210":{"start":{"line":340,"column":4},"end":{"line":340,"column":86}},"211":{"start":{"line":342,"column":2},"end":{"line":342,"column":9}},"212":{"start":{"line":345,"column":0},"end":{"line":361,"column":3}},"213":{"start":{"line":346,"column":15},"end":{"line":346,"column":52}},"214":{"start":{"line":347,"column":2},"end":{"line":349,"column":3}},"215":{"start":{"line":348,"column":4},"end":{"line":348,"column":68}},"216":{"start":{"line":350,"column":2},"end":{"line":350,"column":30}},"217":{"start":{"line":351,"column":2},"end":{"line":351,"column":22}},"218":{"start":{"line":352,"column":14},"end":{"line":352,"column":41}},"219":{"start":{"line":353,"column":2},"end":{"line":353,"column":30}},"220":{"start":{"line":354,"column":2},"end":{"line":354,"column":20}},"221":{"start":{"line":355,"column":2},"end":{"line":360,"column":5}}},"fnMap":{"0":{"name":"(anonymous_0)","decl":{"start":{"line":13,"column":18},"end":{"line":13,"column":19}},"loc":{"start":{"line":13,"column":26},"end":{"line":23,"column":1}},"line":13},"1":{"name":"(anonymous_1)","decl":{"start":{"line":24,"column":30},"end":{"line":24,"column":31}},"loc":{"start":{"line":24,"column":40},"end":{"line":34,"column":1}},"line":24},"2":{"name":"(anonymous_2)","decl":{"start":{"line":35,"column":24},"end":{"line":35,"column":25}},"loc":{"start":{"line":35,"column":51},"end":{"line":53,"column":1}},"line":35},"3":{"name":"(anonymous_3)","decl":{"start":{"line":55,"column":33},"end":{"line":55,"column":34}},"loc":{"start":{"line":55,"column":59},"end":{"line":69,"column":1}},"line":55},"4":{"name":"(anonymous_4)","decl":{"start":{"line":70,"column":34},"end":{"line":70,"column":35}},"loc":{"start":{"line":70,"column":60},"end":{"line":97,"column":1}},"line":70},"5":{"name":"(anonymous_5)","decl":{"start":{"line":98,"column":27},"end":{"line":98,"column":28}},"loc":{"start":{"line":98,"column":53},"end":{"line":125,"column":1}},"line":98},"6":{"name":"(anonymous_6)","decl":{"start":{"line":126,"column":29},"end":{"line":126,"column":30}},"loc":{"start":{"line":126,"column":55},"end":{"line":133,"column":1}},"line":126},"7":{"name":"(anonymous_7)","decl":{"start":{"line":135,"column":36},"end":{"line":135,"column":37}},"loc":{"start":{"line":135,"column":62},"end":{"line":165,"column":1}},"line":135},"8":{"name":"(anonymous_8)","decl":{"start":{"line":166,"column":40},"end":{"line":166,"column":41}},"loc":{"start":{"line":166,"column":66},"end":{"line":181,"column":1}},"line":166},"9":{"name":"(anonymous_9)","decl":{"start":{"line":182,"column":35},"end":{"line":182,"column":36}},"loc":{"start":{"line":182,"column":61},"end":{"line":203,"column":1}},"line":182},"10":{"name":"(anonymous_10)","decl":{"start":{"line":204,"column":34},"end":{"line":204,"column":35}},"loc":{"start":{"line":204,"column":58},"end":{"line":222,"column":1}},"line":204},"11":{"name":"(anonymous_11)","decl":{"start":{"line":223,"column":34},"end":{"line":223,"column":35}},"loc":{"start":{"line":223,"column":58},"end":{"line":237,"column":1}},"line":223},"12":{"name":"(anonymous_12)","decl":{"start":{"line":238,"column":29},"end":{"line":238,"column":30}},"loc":{"start":{"line":238,"column":55},"end":{"line":271,"column":1}},"line":238},"13":{"name":"(anonymous_13)","decl":{"start":{"line":272,"column":28},"end":{"line":272,"column":29}},"loc":{"start":{"line":272,"column":54},"end":{"line":308,"column":1}},"line":272},"14":{"name":"(anonymous_14)","decl":{"start":{"line":309,"column":33},"end":{"line":309,"column":34}},"loc":{"start":{"line":309,"column":59},"end":{"line":324,"column":1}},"line":309},"15":{"name":"(anonymous_15)","decl":{"start":{"line":326,"column":30},"end":{"line":326,"column":31}},"loc":{"start":{"line":326,"column":39},"end":{"line":343,"column":2}},"line":326},"16":{"name":"(anonymous_16)","decl":{"start":{"line":326,"column":50},"end":{"line":326,"column":51}},"loc":{"start":{"line":326,"column":76},"end":{"line":343,"column":1}},"line":326},"17":{"name":"(anonymous_17)","decl":{"start":{"line":345,"column":33},"end":{"line":345,"column":34}},"loc":{"start":{"line":345,"column":59},"end":{"line":361,"column":1}},"line":345}},"branchMap":{"0":{"loc":{"start":{"line":25,"column":2},"end":{"line":27,"column":3}},"type":"if","locations":[{"start":{"line":25,"column":2},"end":{"line":27,"column":3}},{"start":{},"end":{}}],"line":25},"1":{"loc":{"start":{"line":43,"column":2},"end":{"line":43,"column":73}},"type":"if","locations":[{"start":{"line":43,"column":2},"end":{"line":43,"column":73}},{"start":{},"end":{}}],"line":43},"2":{"loc":{"start":{"line":57,"column":2},"end":{"line":59,"column":3}},"type":"if","locations":[{"start":{"line":57,"column":2},"end":{"line":59,"column":3}},{"start":{},"end":{}}],"line":57},"3":{"loc":{"start":{"line":61,"column":2},"end":{"line":63,"column":3}},"type":"if","locations":[{"start":{"line":61,"column":2},"end":{"line":63,"column":3}},{"start":{},"end":{}}],"line":61},"4":{"loc":{"start":{"line":65,"column":2},"end":{"line":67,"column":3}},"type":"if","locations":[{"start":{"line":65,"column":2},"end":{"line":67,"column":3}},{"start":{},"end":{}}],"line":65},"5":{"loc":{"start":{"line":73,"column":2},"end":{"line":75,"column":3}},"type":"if","locations":[{"start":{"line":73,"column":2},"end":{"line":75,"column":3}},{"start":{},"end":{}}],"line":73},"6":{"loc":{"start":{"line":77,"column":2},"end":{"line":79,"column":3}},"type":"if","locations":[{"start":{"line":77,"column":2},"end":{"line":79,"column":3}},{"start":{},"end":{}}],"line":77},"7":{"loc":{"start":{"line":87,"column":2},"end":{"line":89,"column":3}},"type":"if","locations":[{"start":{"line":87,"column":2},"end":{"line":89,"column":3}},{"start":{},"end":{}}],"line":87},"8":{"loc":{"start":{"line":87,"column":6},"end":{"line":87,"column":62}},"type":"binary-expr","locations":[{"start":{"line":87,"column":6},"end":{"line":87,"column":16}},{"start":{"line":87,"column":20},"end":{"line":87,"column":29}},{"start":{"line":87,"column":33},"end":{"line":87,"column":42}},{"start":{"line":87,"column":46},"end":{"line":87,"column":62}}],"line":87},"9":{"loc":{"start":{"line":91,"column":93},"end":{"line":91,"column":111}},"type":"cond-expr","locations":[{"start":{"line":91,"column":101},"end":{"line":91,"column":108}},{"start":{"line":91,"column":109},"end":{"line":91,"column":111}}],"line":91},"10":{"loc":{"start":{"line":92,"column":12},"end":{"line":92,"column":47}},"type":"cond-expr","locations":[{"start":{"line":92,"column":19},"end":{"line":92,"column":25}},{"start":{"line":92,"column":26},"end":{"line":92,"column":47}}],"line":92},"11":{"loc":{"start":{"line":103,"column":2},"end":{"line":105,"column":3}},"type":"if","locations":[{"start":{"line":103,"column":2},"end":{"line":105,"column":3}},{"start":{},"end":{}}],"line":103},"12":{"loc":{"start":{"line":106,"column":2},"end":{"line":108,"column":3}},"type":"if","locations":[{"start":{"line":106,"column":2},"end":{"line":108,"column":3}},{"start":{},"end":{}}],"line":106},"13":{"loc":{"start":{"line":106,"column":6},"end":{"line":106,"column":25}},"type":"binary-expr","locations":[{"start":{"line":106,"column":6},"end":{"line":106,"column":12}},{"start":{"line":106,"column":16},"end":{"line":106,"column":25}}],"line":106},"14":{"loc":{"start":{"line":111,"column":2},"end":{"line":113,"column":3}},"type":"if","locations":[{"start":{"line":111,"column":2},"end":{"line":113,"column":3}},{"start":{},"end":{}}],"line":111},"15":{"loc":{"start":{"line":114,"column":2},"end":{"line":116,"column":3}},"type":"if","locations":[{"start":{"line":114,"column":2},"end":{"line":116,"column":3}},{"start":{},"end":{}}],"line":114},"16":{"loc":{"start":{"line":114,"column":6},"end":{"line":114,"column":23}},"type":"binary-expr","locations":[{"start":{"line":114,"column":6},"end":{"line":114,"column":14}},{"start":{"line":114,"column":18},"end":{"line":114,"column":23}}],"line":114},"17":{"loc":{"start":{"line":117,"column":2},"end":{"line":119,"column":3}},"type":"if","locations":[{"start":{"line":117,"column":2},"end":{"line":119,"column":3}},{"start":{},"end":{}}],"line":117},"18":{"loc":{"start":{"line":117,"column":6},"end":{"line":117,"column":69}},"type":"binary-expr","locations":[{"start":{"line":117,"column":6},"end":{"line":117,"column":11}},{"start":{"line":117,"column":15},"end":{"line":117,"column":69}}],"line":117},"19":{"loc":{"start":{"line":120,"column":2},"end":{"line":122,"column":3}},"type":"if","locations":[{"start":{"line":120,"column":2},"end":{"line":122,"column":3}},{"start":{},"end":{}}],"line":120},"20":{"loc":{"start":{"line":138,"column":2},"end":{"line":140,"column":3}},"type":"if","locations":[{"start":{"line":138,"column":2},"end":{"line":140,"column":3}},{"start":{},"end":{}}],"line":138},"21":{"loc":{"start":{"line":138,"column":6},"end":{"line":138,"column":25}},"type":"binary-expr","locations":[{"start":{"line":138,"column":6},"end":{"line":138,"column":12}},{"start":{"line":138,"column":16},"end":{"line":138,"column":25}}],"line":138},"22":{"loc":{"start":{"line":142,"column":2},"end":{"line":146,"column":3}},"type":"if","locations":[{"start":{"line":142,"column":2},"end":{"line":146,"column":3}},{"start":{"line":144,"column":9},"end":{"line":146,"column":3}}],"line":142},"23":{"loc":{"start":{"line":148,"column":2},"end":{"line":150,"column":3}},"type":"if","locations":[{"start":{"line":148,"column":2},"end":{"line":150,"column":3}},{"start":{},"end":{}}],"line":148},"24":{"loc":{"start":{"line":151,"column":2},"end":{"line":153,"column":3}},"type":"if","locations":[{"start":{"line":151,"column":2},"end":{"line":153,"column":3}},{"start":{},"end":{}}],"line":151},"25":{"loc":{"start":{"line":173,"column":2},"end":{"line":175,"column":3}},"type":"if","locations":[{"start":{"line":173,"column":2},"end":{"line":175,"column":3}},{"start":{},"end":{}}],"line":173},"26":{"loc":{"start":{"line":186,"column":2},"end":{"line":188,"column":3}},"type":"if","locations":[{"start":{"line":186,"column":2},"end":{"line":188,"column":3}},{"start":{},"end":{}}],"line":186},"27":{"loc":{"start":{"line":186,"column":6},"end":{"line":186,"column":35}},"type":"binary-expr","locations":[{"start":{"line":186,"column":6},"end":{"line":186,"column":15}},{"start":{"line":186,"column":19},"end":{"line":186,"column":35}}],"line":186},"28":{"loc":{"start":{"line":194,"column":2},"end":{"line":196,"column":3}},"type":"if","locations":[{"start":{"line":194,"column":2},"end":{"line":196,"column":3}},{"start":{},"end":{}}],"line":194},"29":{"loc":{"start":{"line":208,"column":2},"end":{"line":210,"column":3}},"type":"if","locations":[{"start":{"line":208,"column":2},"end":{"line":210,"column":3}},{"start":{},"end":{}}],"line":208},"30":{"loc":{"start":{"line":208,"column":6},"end":{"line":208,"column":58}},"type":"binary-expr","locations":[{"start":{"line":208,"column":6},"end":{"line":208,"column":22}},{"start":{"line":208,"column":26},"end":{"line":208,"column":38}},{"start":{"line":208,"column":42},"end":{"line":208,"column":58}}],"line":208},"31":{"loc":{"start":{"line":212,"column":2},"end":{"line":214,"column":3}},"type":"if","locations":[{"start":{"line":212,"column":2},"end":{"line":214,"column":3}},{"start":{},"end":{}}],"line":212},"32":{"loc":{"start":{"line":215,"column":2},"end":{"line":217,"column":3}},"type":"if","locations":[{"start":{"line":215,"column":2},"end":{"line":217,"column":3}},{"start":{},"end":{}}],"line":215},"33":{"loc":{"start":{"line":225,"column":2},"end":{"line":227,"column":3}},"type":"if","locations":[{"start":{"line":225,"column":2},"end":{"line":227,"column":3}},{"start":{},"end":{}}],"line":225},"34":{"loc":{"start":{"line":229,"column":2},"end":{"line":231,"column":3}},"type":"if","locations":[{"start":{"line":229,"column":2},"end":{"line":231,"column":3}},{"start":{},"end":{}}],"line":229},"35":{"loc":{"start":{"line":240,"column":2},"end":{"line":247,"column":3}},"type":"if","locations":[{"start":{"line":240,"column":2},"end":{"line":247,"column":3}},{"start":{"line":245,"column":9},"end":{"line":247,"column":3}}],"line":240},"36":{"loc":{"start":{"line":241,"column":4},"end":{"line":242,"column":52}},"type":"binary-expr","locations":[{"start":{"line":241,"column":4},"end":{"line":241,"column":29}},{"start":{"line":242,"column":6},"end":{"line":242,"column":52}}],"line":241},"37":{"loc":{"start":{"line":245,"column":9},"end":{"line":247,"column":3}},"type":"if","locations":[{"start":{"line":245,"column":9},"end":{"line":247,"column":3}},{"start":{},"end":{}}],"line":245},"38":{"loc":{"start":{"line":248,"column":2},"end":{"line":252,"column":3}},"type":"if","locations":[{"start":{"line":248,"column":2},"end":{"line":252,"column":3}},{"start":{},"end":{}}],"line":248},"39":{"loc":{"start":{"line":255,"column":2},"end":{"line":262,"column":3}},"type":"if","locations":[{"start":{"line":255,"column":2},"end":{"line":262,"column":3}},{"start":{},"end":{}}],"line":255},"40":{"loc":{"start":{"line":263,"column":2},"end":{"line":267,"column":3}},"type":"if","locations":[{"start":{"line":263,"column":2},"end":{"line":267,"column":3}},{"start":{},"end":{}}],"line":263},"41":{"loc":{"start":{"line":274,"column":2},"end":{"line":276,"column":3}},"type":"if","locations":[{"start":{"line":274,"column":2},"end":{"line":276,"column":3}},{"start":{},"end":{}}],"line":274},"42":{"loc":{"start":{"line":274,"column":6},"end":{"line":274,"column":38}},"type":"binary-expr","locations":[{"start":{"line":274,"column":6},"end":{"line":274,"column":10}},{"start":{"line":274,"column":14},"end":{"line":274,"column":38}}],"line":274},"43":{"loc":{"start":{"line":278,"column":2},"end":{"line":280,"column":3}},"type":"if","locations":[{"start":{"line":278,"column":2},"end":{"line":280,"column":3}},{"start":{},"end":{}}],"line":278},"44":{"loc":{"start":{"line":281,"column":2},"end":{"line":283,"column":3}},"type":"if","locations":[{"start":{"line":281,"column":2},"end":{"line":283,"column":3}},{"start":{},"end":{}}],"line":281},"45":{"loc":{"start":{"line":291,"column":2},"end":{"line":293,"column":3}},"type":"if","locations":[{"start":{"line":291,"column":2},"end":{"line":293,"column":3}},{"start":{},"end":{}}],"line":291},"46":{"loc":{"start":{"line":291,"column":6},"end":{"line":291,"column":72}},"type":"binary-expr","locations":[{"start":{"line":291,"column":6},"end":{"line":291,"column":16}},{"start":{"line":291,"column":20},"end":{"line":291,"column":26}},{"start":{"line":291,"column":30},"end":{"line":291,"column":39}},{"start":{"line":291,"column":43},"end":{"line":291,"column":52}},{"start":{"line":291,"column":56},"end":{"line":291,"column":72}}],"line":291},"47":{"loc":{"start":{"line":295,"column":93},"end":{"line":295,"column":111}},"type":"cond-expr","locations":[{"start":{"line":295,"column":101},"end":{"line":295,"column":108}},{"start":{"line":295,"column":109},"end":{"line":295,"column":111}}],"line":295},"48":{"loc":{"start":{"line":296,"column":12},"end":{"line":296,"column":47}},"type":"cond-expr","locations":[{"start":{"line":296,"column":19},"end":{"line":296,"column":25}},{"start":{"line":296,"column":26},"end":{"line":296,"column":47}}],"line":296},"49":{"loc":{"start":{"line":299,"column":2},"end":{"line":301,"column":3}},"type":"if","locations":[{"start":{"line":299,"column":2},"end":{"line":301,"column":3}},{"start":{},"end":{}}],"line":299},"50":{"loc":{"start":{"line":311,"column":2},"end":{"line":313,"column":3}},"type":"if","locations":[{"start":{"line":311,"column":2},"end":{"line":313,"column":3}},{"start":{},"end":{}}],"line":311},"51":{"loc":{"start":{"line":314,"column":2},"end":{"line":316,"column":3}},"type":"if","locations":[{"start":{"line":314,"column":2},"end":{"line":316,"column":3}},{"start":{},"end":{}}],"line":314},"52":{"loc":{"start":{"line":327,"column":16},"end":{"line":327,"column":63}},"type":"cond-expr","locations":[{"start":{"line":327,"column":34},"end":{"line":327,"column":48}},{"start":{"line":327,"column":51},"end":{"line":327,"column":63}}],"line":327},"53":{"loc":{"start":{"line":330,"column":2},"end":{"line":332,"column":3}},"type":"if","locations":[{"start":{"line":330,"column":2},"end":{"line":332,"column":3}},{"start":{},"end":{}}],"line":330},"54":{"loc":{"start":{"line":334,"column":2},"end":{"line":336,"column":3}},"type":"if","locations":[{"start":{"line":334,"column":2},"end":{"line":336,"column":3}},{"start":{},"end":{}}],"line":334},"55":{"loc":{"start":{"line":339,"column":2},"end":{"line":341,"column":3}},"type":"if","locations":[{"start":{"line":339,"column":2},"end":{"line":341,"column":3}},{"start":{},"end":{}}],"line":339},"56":{"loc":{"start":{"line":347,"column":2},"end":{"line":349,"column":3}},"type":"if","locations":[{"start":{"line":347,"column":2},"end":{"line":349,"column":3}},{"start":{},"end":{}}],"line":347}},"s":{"0":1,"1":1,"2":1,"3":1,"4":1,"5":1,"6":1,"7":1,"8":1,"9":1,"10":1,"11":1,"12":0,"13":1,"14":0,"15":0,"16":0,"17":0,"18":0,"19":0,"20":1,"21":0,"22":0,"23":0,"24":0,"25":0,"26":0,"27":0,"28":1,"29":0,"30":0,"31":0,"32":0,"33":0,"34":0,"35":0,"36":0,"37":0,"38":0,"39":1,"40":0,"41":0,"42":0,"43":0,"44":0,"45":0,"46":0,"47":0,"48":0,"49":0,"50":0,"51":0,"52":0,"53":0,"54":0,"55":0,"56":0,"57":0,"58":0,"59":0,"60":0,"61":0,"62":1,"63":0,"64":0,"65":0,"66":0,"67":0,"68":0,"69":0,"70":0,"71":0,"72":0,"73":0,"74":0,"75":0,"76":0,"77":0,"78":0,"79":1,"80":0,"81":0,"82":0,"83":1,"84":0,"85":0,"86":0,"87":0,"88":0,"89":0,"90":0,"91":0,"92":0,"93":0,"94":0,"95":0,"96":0,"97":0,"98":0,"99":1,"100":0,"101":0,"102":0,"103":0,"104":0,"105":0,"106":1,"107":0,"108":0,"109":0,"110":0,"111":0,"112":0,"113":0,"114":0,"115":0,"116":0,"117":0,"118":0,"119":0,"120":0,"121":0,"122":1,"123":0,"124":0,"125":0,"126":0,"127":0,"128":0,"129":0,"130":0,"131":0,"132":0,"133":0,"134":0,"135":0,"136":0,"137":1,"138":0,"139":0,"140":0,"141":0,"142":0,"143":0,"144":0,"145":0,"146":1,"147":0,"148":0,"149":0,"150":0,"151":0,"152":0,"153":0,"154":0,"155":0,"156":0,"157":0,"158":0,"159":0,"160":0,"161":0,"162":1,"163":0,"164":0,"165":0,"166":0,"167":0,"168":0,"169":0,"170":0,"171":0,"172":0,"173":0,"174":0,"175":0,"176":0,"177":0,"178":0,"179":0,"180":0,"181":0,"182":0,"183":0,"184":0,"185":0,"186":0,"187":0,"188":0,"189":0,"190":1,"191":0,"192":0,"193":0,"194":0,"195":0,"196":0,"197":0,"198":0,"199":0,"200":1,"201":1,"202":0,"203":0,"204":0,"205":0,"206":0,"207":0,"208":0,"209":0,"210":0,"211":0,"212":1,"213":0,"214":0,"215":0,"216":0,"217":0,"218":0,"219":0,"220":0,"221":0},"f":{"0":0,"1":0,"2":0,"3":0,"4":0,"5":0,"6":0,"7":0,"8":0,"9":0,"10":0,"11":0,"12":0,"13":0,"14":0,"15":1,"16":0,"17":0},"b":{"0":[0,0],"1":[0,0],"2":[0,0],"3":[0,0],"4":[0,0],"5":[0,0],"6":[0,0],"7":[0,0],"8":[0,0,0,0],"9":[0,0],"10":[0,0],"11":[0,0],"12":[0,0],"13":[0,0],"14":[0,0],"15":[0,0],"16":[0,0],"17":[0,0],"18":[0,0],"19":[0,0],"20":[0,0],"21":[0,0],"22":[0,0],"23":[0,0],"24":[0,0],"25":[0,0],"26":[0,0],"27":[0,0],"28":[0,0],"29":[0,0],"30":[0,0,0],"31":[0,0],"32":[0,0],"33":[0,0],"34":[0,0],"35":[0,0],"36":[0,0],"37":[0,0],"38":[0,0],"39":[0,0],"40":[0,0],"41":[0,0],"42":[0,0],"43":[0,0],"44":[0,0],"45":[0,0],"46":[0,0,0,0,0],"47":[0,0],"48":[0,0],"49":[0,0],"50":[0,0],"51":[0,0],"52":[0,0],"53":[0,0],"54":[0,0],"55":[0,0],"56":[0,0]},"_coverageSchema":"1a1c01bbd47fc00a2c39e90264f33305004495a9","hash":"f32f5200536a6fcffa171e21b7361dd37d1e63af"}
,"C:\\Users\\maria\\OneDrive\\Desktop\\projects\\CMP web project\\Backend\\controllers\\chatmessagecontroller.js": {"path":"C:\\Users\\maria\\OneDrive\\Desktop\\projects\\CMP web project\\Backend\\controllers\\chatmessagecontroller.js","statementMap":{"0":{"start":{"line":1,"column":25},"end":{"line":1,"column":62}},"1":{"start":{"line":2,"column":19},"end":{"line":2,"column":49}},"2":{"start":{"line":3,"column":17},"end":{"line":3,"column":45}},"3":{"start":{"line":4,"column":22},"end":{"line":4,"column":56}},"4":{"start":{"line":6,"column":0},"end":{"line":28,"column":3}},"5":{"start":{"line":7,"column":19},"end":{"line":7,"column":70}},"6":{"start":{"line":8,"column":2},"end":{"line":10,"column":3}},"7":{"start":{"line":9,"column":4},"end":{"line":9,"column":69}},"8":{"start":{"line":11,"column":26},"end":{"line":11,"column":89}},"9":{"start":{"line":11,"column":67},"end":{"line":11,"column":88}},"10":{"start":{"line":12,"column":2},"end":{"line":14,"column":3}},"11":{"start":{"line":13,"column":4},"end":{"line":13,"column":76}},"12":{"start":{"line":15,"column":22},"end":{"line":19,"column":4}},"13":{"start":{"line":20,"column":2},"end":{"line":20,"column":43}},"14":{"start":{"line":21,"column":2},"end":{"line":21,"column":24}},"15":{"start":{"line":22,"column":2},"end":{"line":27,"column":5}},"16":{"start":{"line":30,"column":0},"end":{"line":46,"column":3}},"17":{"start":{"line":31,"column":19},"end":{"line":31,"column":70}},"18":{"start":{"line":32,"column":2},"end":{"line":34,"column":3}},"19":{"start":{"line":33,"column":4},"end":{"line":33,"column":69}},"20":{"start":{"line":35,"column":26},"end":{"line":35,"column":89}},"21":{"start":{"line":35,"column":67},"end":{"line":35,"column":88}},"22":{"start":{"line":36,"column":2},"end":{"line":38,"column":3}},"23":{"start":{"line":37,"column":4},"end":{"line":37,"column":76}},"24":{"start":{"line":39,"column":23},"end":{"line":39,"column":74}},"25":{"start":{"line":40,"column":2},"end":{"line":45,"column":5}},"26":{"start":{"line":48,"column":0},"end":{"line":64,"column":3}},"27":{"start":{"line":49,"column":22},"end":{"line":49,"column":79}},"28":{"start":{"line":50,"column":2},"end":{"line":52,"column":3}},"29":{"start":{"line":51,"column":4},"end":{"line":51,"column":73}},"30":{"start":{"line":53,"column":19},"end":{"line":53,"column":67}},"31":{"start":{"line":54,"column":26},"end":{"line":54,"column":89}},"32":{"start":{"line":54,"column":67},"end":{"line":54,"column":88}},"33":{"start":{"line":55,"column":2},"end":{"line":57,"column":3}},"34":{"start":{"line":56,"column":4},"end":{"line":56,"column":76}},"35":{"start":{"line":58,"column":2},"end":{"line":63,"column":5}},"36":{"start":{"line":66,"column":0},"end":{"line":87,"column":3}},"37":{"start":{"line":67,"column":22},"end":{"line":67,"column":79}},"38":{"start":{"line":68,"column":2},"end":{"line":70,"column":3}},"39":{"start":{"line":69,"column":4},"end":{"line":69,"column":73}},"40":{"start":{"line":71,"column":19},"end":{"line":71,"column":67}},"41":{"start":{"line":72,"column":26},"end":{"line":72,"column":89}},"42":{"start":{"line":72,"column":67},"end":{"line":72,"column":88}},"43":{"start":{"line":73,"column":2},"end":{"line":75,"column":3}},"44":{"start":{"line":74,"column":4},"end":{"line":74,"column":76}},"45":{"start":{"line":76,"column":2},"end":{"line":79,"column":3}},"46":{"start":{"line":77,"column":4},"end":{"line":77,"column":34}},"47":{"start":{"line":78,"column":4},"end":{"line":78,"column":26}},"48":{"start":{"line":80,"column":2},"end":{"line":83,"column":5}},"49":{"start":{"line":84,"column":2},"end":{"line":86,"column":5}},"50":{"start":{"line":89,"column":0},"end":{"line":105,"column":3}},"51":{"start":{"line":90,"column":22},"end":{"line":93,"column":4}},"52":{"start":{"line":94,"column":2},"end":{"line":96,"column":3}},"53":{"start":{"line":95,"column":4},"end":{"line":95,"column":73}},"54":{"start":{"line":97,"column":2},"end":{"line":97,"column":41}},"55":{"start":{"line":98,"column":2},"end":{"line":98,"column":27}},"56":{"start":{"line":99,"column":2},"end":{"line":104,"column":5}}},"fnMap":{"0":{"name":"(anonymous_0)","decl":{"start":{"line":6,"column":39},"end":{"line":6,"column":40}},"loc":{"start":{"line":6,"column":65},"end":{"line":28,"column":1}},"line":6},"1":{"name":"(anonymous_1)","decl":{"start":{"line":11,"column":55},"end":{"line":11,"column":56}},"loc":{"start":{"line":11,"column":67},"end":{"line":11,"column":88}},"line":11},"2":{"name":"(anonymous_2)","decl":{"start":{"line":30,"column":37},"end":{"line":30,"column":38}},"loc":{"start":{"line":30,"column":63},"end":{"line":46,"column":1}},"line":30},"3":{"name":"(anonymous_3)","decl":{"start":{"line":35,"column":55},"end":{"line":35,"column":56}},"loc":{"start":{"line":35,"column":67},"end":{"line":35,"column":88}},"line":35},"4":{"name":"(anonymous_4)","decl":{"start":{"line":48,"column":36},"end":{"line":48,"column":37}},"loc":{"start":{"line":48,"column":62},"end":{"line":64,"column":1}},"line":48},"5":{"name":"(anonymous_5)","decl":{"start":{"line":54,"column":55},"end":{"line":54,"column":56}},"loc":{"start":{"line":54,"column":67},"end":{"line":54,"column":88}},"line":54},"6":{"name":"(anonymous_6)","decl":{"start":{"line":66,"column":39},"end":{"line":66,"column":40}},"loc":{"start":{"line":66,"column":65},"end":{"line":87,"column":1}},"line":66},"7":{"name":"(anonymous_7)","decl":{"start":{"line":72,"column":55},"end":{"line":72,"column":56}},"loc":{"start":{"line":72,"column":67},"end":{"line":72,"column":88}},"line":72},"8":{"name":"(anonymous_8)","decl":{"start":{"line":89,"column":37},"end":{"line":89,"column":38}},"loc":{"start":{"line":89,"column":63},"end":{"line":105,"column":1}},"line":89}},"branchMap":{"0":{"loc":{"start":{"line":8,"column":2},"end":{"line":10,"column":3}},"type":"if","locations":[{"start":{"line":8,"column":2},"end":{"line":10,"column":3}},{"start":{},"end":{}}],"line":8},"1":{"loc":{"start":{"line":12,"column":2},"end":{"line":14,"column":3}},"type":"if","locations":[{"start":{"line":12,"column":2},"end":{"line":14,"column":3}},{"start":{},"end":{}}],"line":12},"2":{"loc":{"start":{"line":32,"column":2},"end":{"line":34,"column":3}},"type":"if","locations":[{"start":{"line":32,"column":2},"end":{"line":34,"column":3}},{"start":{},"end":{}}],"line":32},"3":{"loc":{"start":{"line":36,"column":2},"end":{"line":38,"column":3}},"type":"if","locations":[{"start":{"line":36,"column":2},"end":{"line":38,"column":3}},{"start":{},"end":{}}],"line":36},"4":{"loc":{"start":{"line":50,"column":2},"end":{"line":52,"column":3}},"type":"if","locations":[{"start":{"line":50,"column":2},"end":{"line":52,"column":3}},{"start":{},"end":{}}],"line":50},"5":{"loc":{"start":{"line":55,"column":2},"end":{"line":57,"column":3}},"type":"if","locations":[{"start":{"line":55,"column":2},"end":{"line":57,"column":3}},{"start":{},"end":{}}],"line":55},"6":{"loc":{"start":{"line":68,"column":2},"end":{"line":70,"column":3}},"type":"if","locations":[{"start":{"line":68,"column":2},"end":{"line":70,"column":3}},{"start":{},"end":{}}],"line":68},"7":{"loc":{"start":{"line":73,"column":2},"end":{"line":75,"column":3}},"type":"if","locations":[{"start":{"line":73,"column":2},"end":{"line":75,"column":3}},{"start":{},"end":{}}],"line":73},"8":{"loc":{"start":{"line":76,"column":2},"end":{"line":79,"column":3}},"type":"if","locations":[{"start":{"line":76,"column":2},"end":{"line":79,"column":3}},{"start":{},"end":{}}],"line":76},"9":{"loc":{"start":{"line":94,"column":2},"end":{"line":96,"column":3}},"type":"if","locations":[{"start":{"line":94,"column":2},"end":{"line":96,"column":3}},{"start":{},"end":{}}],"line":94}},"s":{"0":1,"1":1,"2":1,"3":1,"4":1,"5":0,"6":0,"7":0,"8":0,"9":0,"10":0,"11":0,"12":0,"13":0,"14":0,"15":0,"16":1,"17":0,"18":0,"19":0,"20":0,"21":0,"22":0,"23":0,"24":0,"25":0,"26":1,"27":0,"28":0,"29":0,"30":0,"31":0,"32":0,"33":0,"34":0,"35":0,"36":1,"37":0,"38":0,"39":0,"40":0,"41":0,"42":0,"43":0,"44":0,"45":0,"46":0,"47":0,"48":0,"49":0,"50":1,"51":0,"52":0,"53":0,"54":0,"55":0,"56":0},"f":{"0":0,"1":0,"2":0,"3":0,"4":0,"5":0,"6":0,"7":0,"8":0},"b":{"0":[0,0],"1":[0,0],"2":[0,0],"3":[0,0],"4":[0,0],"5":[0,0],"6":[0,0],"7":[0,0],"8":[0,0],"9":[0,0]},"_coverageSchema":"1a1c01bbd47fc00a2c39e90264f33305004495a9","hash":"b278293fb15d9a2fb7c3d5e17a1acc3ea37de857"}
,"C:\\Users\\maria\\OneDrive\\Desktop\\projects\\CMP web project\\Backend\\controllers\\chatroomcontroller.js": {"path":"C:\\Users\\maria\\OneDrive\\Desktop\\projects\\CMP web project\\Backend\\controllers\\chatroomcontroller.js","statementMap":{"0":{"start":{"line":1,"column":22},"end":{"line":1,"column":56}},"1":{"start":{"line":2,"column":18},"end":{"line":2,"column":48}},"2":{"start":{"line":3,"column":19},"end":{"line":3,"column":49}},"3":{"start":{"line":4,"column":17},"end":{"line":4,"column":45}},"4":{"start":{"line":6,"column":0},"end":{"line":43,"column":3}},"5":{"start":{"line":7,"column":24},"end":{"line":7,"column":48}},"6":{"start":{"line":8,"column":2},"end":{"line":10,"column":3}},"7":{"start":{"line":9,"column":4},"end":{"line":9,"column":68}},"8":{"start":{"line":11,"column":26},"end":{"line":11,"column":84}},"9":{"start":{"line":12,"column":23},"end":{"line":12,"column":63}},"10":{"start":{"line":13,"column":18},"end":{"line":14,"column":67}},"11":{"start":{"line":14,"column":59},"end":{"line":14,"column":66}},"12":{"start":{"line":15,"column":2},"end":{"line":17,"column":3}},"13":{"start":{"line":16,"column":4},"end":{"line":16,"column":64}},"14":{"start":{"line":18,"column":16},"end":{"line":18,"column":52}},"15":{"start":{"line":19,"column":2},"end":{"line":19,"column":29}},"16":{"start":{"line":21,"column":2},"end":{"line":30,"column":3}},"17":{"start":{"line":22,"column":29},"end":{"line":25,"column":6}},"18":{"start":{"line":26,"column":4},"end":{"line":29,"column":5}},"19":{"start":{"line":27,"column":6},"end":{"line":28,"column":119}},"20":{"start":{"line":31,"column":19},"end":{"line":36,"column":4}},"21":{"start":{"line":37,"column":2},"end":{"line":42,"column":5}},"22":{"start":{"line":45,"column":0},"end":{"line":55,"column":3}},"23":{"start":{"line":46,"column":20},"end":{"line":47,"column":32}},"24":{"start":{"line":48,"column":2},"end":{"line":54,"column":5}},"25":{"start":{"line":57,"column":0},"end":{"line":69,"column":3}},"26":{"start":{"line":58,"column":19},"end":{"line":59,"column":32}},"27":{"start":{"line":60,"column":2},"end":{"line":62,"column":3}},"28":{"start":{"line":61,"column":4},"end":{"line":61,"column":57}},"29":{"start":{"line":63,"column":2},"end":{"line":68,"column":5}},"30":{"start":{"line":71,"column":0},"end":{"line":81,"column":3}},"31":{"start":{"line":72,"column":19},"end":{"line":72,"column":76}},"32":{"start":{"line":73,"column":2},"end":{"line":75,"column":3}},"33":{"start":{"line":74,"column":4},"end":{"line":74,"column":57}},"34":{"start":{"line":76,"column":2},"end":{"line":77,"column":33}},"35":{"start":{"line":78,"column":2},"end":{"line":80,"column":5}},"36":{"start":{"line":83,"column":0},"end":{"line":97,"column":3}},"37":{"start":{"line":84,"column":19},"end":{"line":87,"column":18}},"38":{"start":{"line":88,"column":2},"end":{"line":90,"column":3}},"39":{"start":{"line":89,"column":4},"end":{"line":89,"column":57}},"40":{"start":{"line":91,"column":2},"end":{"line":96,"column":5}},"41":{"start":{"line":99,"column":0},"end":{"line":123,"column":3}},"42":{"start":{"line":100,"column":17},"end":{"line":100,"column":83}},"43":{"start":{"line":101,"column":2},"end":{"line":103,"column":3}},"44":{"start":{"line":102,"column":4},"end":{"line":102,"column":60}},"45":{"start":{"line":104,"column":19},"end":{"line":107,"column":18}},"46":{"start":{"line":108,"column":2},"end":{"line":110,"column":3}},"47":{"start":{"line":109,"column":4},"end":{"line":109,"column":57}},"48":{"start":{"line":111,"column":2},"end":{"line":113,"column":3}},"49":{"start":{"line":112,"column":4},"end":{"line":112,"column":78}},"50":{"start":{"line":114,"column":16},"end":{"line":114,"column":61}},"51":{"start":{"line":115,"column":2},"end":{"line":115,"column":27}},"52":{"start":{"line":116,"column":2},"end":{"line":116,"column":18}},"53":{"start":{"line":117,"column":2},"end":{"line":122,"column":5}},"54":{"start":{"line":125,"column":0},"end":{"line":146,"column":3}},"55":{"start":{"line":126,"column":17},"end":{"line":126,"column":76}},"56":{"start":{"line":127,"column":2},"end":{"line":129,"column":3}},"57":{"start":{"line":128,"column":4},"end":{"line":128,"column":60}},"58":{"start":{"line":130,"column":19},"end":{"line":133,"column":18}},"59":{"start":{"line":134,"column":2},"end":{"line":136,"column":3}},"60":{"start":{"line":135,"column":4},"end":{"line":135,"column":57}},"61":{"start":{"line":137,"column":16},"end":{"line":137,"column":61}},"62":{"start":{"line":138,"column":2},"end":{"line":138,"column":27}},"63":{"start":{"line":139,"column":2},"end":{"line":139,"column":18}},"64":{"start":{"line":140,"column":2},"end":{"line":145,"column":5}},"65":{"start":{"line":148,"column":0},"end":{"line":172,"column":2}},"66":{"start":{"line":149,"column":19},"end":{"line":152,"column":18}},"67":{"start":{"line":153,"column":2},"end":{"line":155,"column":3}},"68":{"start":{"line":154,"column":4},"end":{"line":154,"column":57}},"69":{"start":{"line":156,"column":2},"end":{"line":161,"column":3}},"70":{"start":{"line":157,"column":4},"end":{"line":157,"column":65}},"71":{"start":{"line":158,"column":4},"end":{"line":160,"column":7}},"72":{"start":{"line":162,"column":2},"end":{"line":164,"column":3}},"73":{"start":{"line":163,"column":4},"end":{"line":163,"column":61}},"74":{"start":{"line":165,"column":16},"end":{"line":165,"column":61}},"75":{"start":{"line":166,"column":2},"end":{"line":166,"column":27}},"76":{"start":{"line":167,"column":2},"end":{"line":167,"column":18}},"77":{"start":{"line":168,"column":2},"end":{"line":170,"column":5}}},"fnMap":{"0":{"name":"(anonymous_0)","decl":{"start":{"line":6,"column":36},"end":{"line":6,"column":37}},"loc":{"start":{"line":6,"column":62},"end":{"line":43,"column":1}},"line":6},"1":{"name":"(anonymous_1)","decl":{"start":{"line":14,"column":50},"end":{"line":14,"column":51}},"loc":{"start":{"line":14,"column":59},"end":{"line":14,"column":66}},"line":14},"2":{"name":"(anonymous_2)","decl":{"start":{"line":45,"column":34},"end":{"line":45,"column":35}},"loc":{"start":{"line":45,"column":60},"end":{"line":55,"column":1}},"line":45},"3":{"name":"(anonymous_3)","decl":{"start":{"line":57,"column":33},"end":{"line":57,"column":34}},"loc":{"start":{"line":57,"column":59},"end":{"line":69,"column":1}},"line":57},"4":{"name":"(anonymous_4)","decl":{"start":{"line":71,"column":36},"end":{"line":71,"column":37}},"loc":{"start":{"line":71,"column":62},"end":{"line":81,"column":1}},"line":71},"5":{"name":"(anonymous_5)","decl":{"start":{"line":83,"column":36},"end":{"line":83,"column":37}},"loc":{"start":{"line":83,"column":62},"end":{"line":97,"column":1}},"line":83},"6":{"name":"(anonymous_6)","decl":{"start":{"line":99,"column":31},"end":{"line":99,"column":32}},"loc":{"start":{"line":99,"column":57},"end":{"line":123,"column":1}},"line":99},"7":{"name":"(anonymous_7)","decl":{"start":{"line":125,"column":34},"end":{"line":125,"column":35}},"loc":{"start":{"line":125,"column":60},"end":{"line":146,"column":1}},"line":125},"8":{"name":"(anonymous_8)","decl":{"start":{"line":148,"column":35},"end":{"line":148,"column":36}},"loc":{"start":{"line":148,"column":61},"end":{"line":171,"column":1}},"line":148}},"branchMap":{"0":{"loc":{"start":{"line":8,"column":2},"end":{"line":10,"column":3}},"type":"if","locations":[{"start":{"line":8,"column":2},"end":{"line":10,"column":3}},{"start":{},"end":{}}],"line":8},"1":{"loc":{"start":{"line":8,"column":6},"end":{"line":8,"column":54}},"type":"binary-expr","locations":[{"start":{"line":8,"column":6},"end":{"line":8,"column":22}},{"start":{"line":8,"column":26},"end":{"line":8,"column":54}}],"line":8},"2":{"loc":{"start":{"line":11,"column":26},"end":{"line":11,"column":84}},"type":"cond-expr","locations":[{"start":{"line":11,"column":55},"end":{"line":11,"column":71}},{"start":{"line":11,"column":74},"end":{"line":11,"column":84}}],"line":11},"3":{"loc":{"start":{"line":12,"column":23},"end":{"line":12,"column":63}},"type":"binary-expr","locations":[{"start":{"line":12,"column":23},"end":{"line":12,"column":44}},{"start":{"line":12,"column":48},"end":{"line":12,"column":63}}],"line":12},"4":{"loc":{"start":{"line":15,"column":2},"end":{"line":17,"column":3}},"type":"if","locations":[{"start":{"line":15,"column":2},"end":{"line":17,"column":3}},{"start":{},"end":{}}],"line":15},"5":{"loc":{"start":{"line":18,"column":16},"end":{"line":18,"column":52}},"type":"cond-expr","locations":[{"start":{"line":18,"column":42},"end":{"line":18,"column":46}},{"start":{"line":18,"column":47},"end":{"line":18,"column":52}}],"line":18},"6":{"loc":{"start":{"line":21,"column":2},"end":{"line":30,"column":3}},"type":"if","locations":[{"start":{"line":21,"column":2},"end":{"line":30,"column":3}},{"start":{},"end":{}}],"line":21},"7":{"loc":{"start":{"line":21,"column":6},"end":{"line":21,"column":38}},"type":"binary-expr","locations":[{"start":{"line":21,"column":6},"end":{"line":21,"column":14}},{"start":{"line":21,"column":18},"end":{"line":21,"column":38}}],"line":21},"8":{"loc":{"start":{"line":26,"column":4},"end":{"line":29,"column":5}},"type":"if","locations":[{"start":{"line":26,"column":4},"end":{"line":29,"column":5}},{"start":{},"end":{}}],"line":26},"9":{"loc":{"start":{"line":60,"column":2},"end":{"line":62,"column":3}},"type":"if","locations":[{"start":{"line":60,"column":2},"end":{"line":62,"column":3}},{"start":{},"end":{}}],"line":60},"10":{"loc":{"start":{"line":73,"column":2},"end":{"line":75,"column":3}},"type":"if","locations":[{"start":{"line":73,"column":2},"end":{"line":75,"column":3}},{"start":{},"end":{}}],"line":73},"11":{"loc":{"start":{"line":88,"column":2},"end":{"line":90,"column":3}},"type":"if","locations":[{"start":{"line":88,"column":2},"end":{"line":90,"column":3}},{"start":{},"end":{}}],"line":88},"12":{"loc":{"start":{"line":101,"column":2},"end":{"line":103,"column":3}},"type":"if","locations":[{"start":{"line":101,"column":2},"end":{"line":103,"column":3}},{"start":{},"end":{}}],"line":101},"13":{"loc":{"start":{"line":108,"column":2},"end":{"line":110,"column":3}},"type":"if","locations":[{"start":{"line":108,"column":2},"end":{"line":110,"column":3}},{"start":{},"end":{}}],"line":108},"14":{"loc":{"start":{"line":111,"column":2},"end":{"line":113,"column":3}},"type":"if","locations":[{"start":{"line":111,"column":2},"end":{"line":113,"column":3}},{"start":{},"end":{}}],"line":111},"15":{"loc":{"start":{"line":114,"column":16},"end":{"line":114,"column":61}},"type":"cond-expr","locations":[{"start":{"line":114,"column":51},"end":{"line":114,"column":55}},{"start":{"line":114,"column":56},"end":{"line":114,"column":61}}],"line":114},"16":{"loc":{"start":{"line":127,"column":2},"end":{"line":129,"column":3}},"type":"if","locations":[{"start":{"line":127,"column":2},"end":{"line":129,"column":3}},{"start":{},"end":{}}],"line":127},"17":{"loc":{"start":{"line":134,"column":2},"end":{"line":136,"column":3}},"type":"if","locations":[{"start":{"line":134,"column":2},"end":{"line":136,"column":3}},{"start":{},"end":{}}],"line":134},"18":{"loc":{"start":{"line":137,"column":16},"end":{"line":137,"column":61}},"type":"cond-expr","locations":[{"start":{"line":137,"column":51},"end":{"line":137,"column":55}},{"start":{"line":137,"column":56},"end":{"line":137,"column":61}}],"line":137},"19":{"loc":{"start":{"line":153,"column":2},"end":{"line":155,"column":3}},"type":"if","locations":[{"start":{"line":153,"column":2},"end":{"line":155,"column":3}},{"start":{},"end":{}}],"line":153},"20":{"loc":{"start":{"line":156,"column":2},"end":{"line":161,"column":3}},"type":"if","locations":[{"start":{"line":156,"column":2},"end":{"line":161,"column":3}},{"start":{},"end":{}}],"line":156},"21":{"loc":{"start":{"line":162,"column":2},"end":{"line":164,"column":3}},"type":"if","locations":[{"start":{"line":162,"column":2},"end":{"line":164,"column":3}},{"start":{},"end":{}}],"line":162},"22":{"loc":{"start":{"line":165,"column":16},"end":{"line":165,"column":61}},"type":"cond-expr","locations":[{"start":{"line":165,"column":51},"end":{"line":165,"column":55}},{"start":{"line":165,"column":56},"end":{"line":165,"column":61}}],"line":165}},"s":{"0":1,"1":1,"2":1,"3":1,"4":1,"5":0,"6":0,"7":0,"8":0,"9":0,"10":0,"11":0,"12":0,"13":0,"14":0,"15":0,"16":0,"17":0,"18":0,"19":0,"20":0,"21":0,"22":1,"23":0,"24":0,"25":1,"26":0,"27":0,"28":0,"29":0,"30":1,"31":0,"32":0,"33":0,"34":0,"35":0,"36":1,"37":0,"38":0,"39":0,"40":0,"41":1,"42":0,"43":0,"44":0,"45":0,"46":0,"47":0,"48":0,"49":0,"50":0,"51":0,"52":0,"53":0,"54":1,"55":0,"56":0,"57":0,"58":0,"59":0,"60":0,"61":0,"62":0,"63":0,"64":0,"65":1,"66":0,"67":0,"68":0,"69":0,"70":0,"71":0,"72":0,"73":0,"74":0,"75":0,"76":0,"77":0},"f":{"0":0,"1":0,"2":0,"3":0,"4":0,"5":0,"6":0,"7":0,"8":0},"b":{"0":[0,0],"1":[0,0],"2":[0,0],"3":[0,0],"4":[0,0],"5":[0,0],"6":[0,0],"7":[0,0],"8":[0,0],"9":[0,0],"10":[0,0],"11":[0,0],"12":[0,0],"13":[0,0],"14":[0,0],"15":[0,0],"16":[0,0],"17":[0,0],"18":[0,0],"19":[0,0],"20":[0,0],"21":[0,0],"22":[0,0]},"_coverageSchema":"1a1c01bbd47fc00a2c39e90264f33305004495a9","hash":"4d34ef7bc37cdce1981eb8ea82d0ce983d99255b"}
,"C:\\Users\\maria\\OneDrive\\Desktop\\projects\\CMP web project\\Backend\\controllers\\commentcontroller.js": {"path":"C:\\Users\\maria\\OneDrive\\Desktop\\projects\\CMP web project\\Backend\\controllers\\commentcontroller.js","statementMap":{"0":{"start":{"line":1,"column":21},"end":{"line":1,"column":55}},"1":{"start":{"line":2,"column":17},"end":{"line":2,"column":45}},"2":{"start":{"line":3,"column":19},"end":{"line":3,"column":49}},"3":{"start":{"line":4,"column":23},"end":{"line":4,"column":50}},"4":{"start":{"line":5,"column":19},"end":{"line":5,"column":53}},"5":{"start":{"line":6,"column":18},"end":{"line":6,"column":48}},"6":{"start":{"line":7,"column":18},"end":{"line":7,"column":48}},"7":{"start":{"line":8,"column":17},"end":{"line":8,"column":45}},"8":{"start":{"line":9,"column":31},"end":{"line":9,"column":66}},"9":{"start":{"line":10,"column":22},"end":{"line":10,"column":56}},"10":{"start":{"line":11,"column":20},"end":{"line":11,"column":51}},"11":{"start":{"line":12,"column":17},"end":{"line":12,"column":45}},"12":{"start":{"line":14,"column":0},"end":{"line":26,"column":3}},"13":{"start":{"line":15,"column":18},"end":{"line":15,"column":60}},"14":{"start":{"line":16,"column":2},"end":{"line":18,"column":3}},"15":{"start":{"line":17,"column":4},"end":{"line":17,"column":62}},"16":{"start":{"line":19,"column":25},"end":{"line":19,"column":72}},"17":{"start":{"line":20,"column":2},"end":{"line":25,"column":5}},"18":{"start":{"line":28,"column":0},"end":{"line":45,"column":3}},"19":{"start":{"line":29,"column":21},"end":{"line":29,"column":40}},"20":{"start":{"line":30,"column":19},"end":{"line":30,"column":104}},"21":{"start":{"line":31,"column":2},"end":{"line":36,"column":3}},"22":{"start":{"line":32,"column":17},"end":{"line":32,"column":60}},"23":{"start":{"line":33,"column":4},"end":{"line":35,"column":5}},"24":{"start":{"line":34,"column":6},"end":{"line":34,"column":61}},"25":{"start":{"line":37,"column":26},"end":{"line":37,"column":72}},"26":{"start":{"line":38,"column":2},"end":{"line":44,"column":5}},"27":{"start":{"line":47,"column":22},"end":{"line":128,"column":2}},"28":{"start":{"line":48,"column":15},"end":{"line":48,"column":53}},"29":{"start":{"line":49,"column":2},"end":{"line":51,"column":3}},"30":{"start":{"line":50,"column":4},"end":{"line":50,"column":46}},"31":{"start":{"line":53,"column":13},"end":{"line":53,"column":51}},"32":{"start":{"line":54,"column":19},"end":{"line":54,"column":32}},"33":{"start":{"line":55,"column":23},"end":{"line":55,"column":61}},"34":{"start":{"line":56,"column":2},"end":{"line":94,"column":3}},"35":{"start":{"line":57,"column":4},"end":{"line":93,"column":7}},"36":{"start":{"line":59,"column":6},"end":{"line":61,"column":7}},"37":{"start":{"line":60,"column":8},"end":{"line":60,"column":15}},"38":{"start":{"line":62,"column":19},"end":{"line":62,"column":51}},"39":{"start":{"line":63,"column":6},"end":{"line":65,"column":7}},"40":{"start":{"line":64,"column":8},"end":{"line":64,"column":50}},"41":{"start":{"line":66,"column":6},"end":{"line":75,"column":9}},"42":{"start":{"line":76,"column":28},"end":{"line":76,"column":60}},"43":{"start":{"line":77,"column":32},"end":{"line":77,"column":84}},"44":{"start":{"line":78,"column":6},"end":{"line":92,"column":7}},"45":{"start":{"line":79,"column":39},"end":{"line":86,"column":9}},"46":{"start":{"line":87,"column":8},"end":{"line":87,"column":74}},"47":{"start":{"line":88,"column":8},"end":{"line":88,"column":82}},"48":{"start":{"line":89,"column":8},"end":{"line":91,"column":9}},"49":{"start":{"line":90,"column":10},"end":{"line":90,"column":118}},"50":{"start":{"line":97,"column":2},"end":{"line":127,"column":3}},"51":{"start":{"line":98,"column":4},"end":{"line":107,"column":7}},"52":{"start":{"line":108,"column":26},"end":{"line":108,"column":63}},"53":{"start":{"line":109,"column":30},"end":{"line":109,"column":82}},"54":{"start":{"line":110,"column":4},"end":{"line":126,"column":5}},"55":{"start":{"line":111,"column":6},"end":{"line":125,"column":7}},"56":{"start":{"line":112,"column":39},"end":{"line":119,"column":9}},"57":{"start":{"line":120,"column":8},"end":{"line":120,"column":74}},"58":{"start":{"line":121,"column":8},"end":{"line":121,"column":94}},"59":{"start":{"line":122,"column":8},"end":{"line":124,"column":9}},"60":{"start":{"line":123,"column":10},"end":{"line":123,"column":127}},"61":{"start":{"line":129,"column":0},"end":{"line":157,"column":3}},"62":{"start":{"line":130,"column":15},"end":{"line":130,"column":58}},"63":{"start":{"line":131,"column":2},"end":{"line":133,"column":3}},"64":{"start":{"line":132,"column":4},"end":{"line":132,"column":59}},"65":{"start":{"line":134,"column":2},"end":{"line":136,"column":3}},"66":{"start":{"line":135,"column":4},"end":{"line":135,"column":55}},"67":{"start":{"line":137,"column":2},"end":{"line":139,"column":3}},"68":{"start":{"line":138,"column":4},"end":{"line":138,"column":53}},"69":{"start":{"line":140,"column":18},"end":{"line":145,"column":4}},"70":{"start":{"line":146,"column":2},"end":{"line":147,"column":59}},"71":{"start":{"line":148,"column":2},"end":{"line":148,"column":24}},"72":{"start":{"line":149,"column":2},"end":{"line":149,"column":20}},"73":{"start":{"line":150,"column":2},"end":{"line":150,"column":30}},"74":{"start":{"line":151,"column":2},"end":{"line":156,"column":5}},"75":{"start":{"line":158,"column":0},"end":{"line":184,"column":3}},"76":{"start":{"line":159,"column":18},"end":{"line":159,"column":60}},"77":{"start":{"line":160,"column":2},"end":{"line":162,"column":3}},"78":{"start":{"line":161,"column":4},"end":{"line":161,"column":62}},"79":{"start":{"line":163,"column":2},"end":{"line":165,"column":3}},"80":{"start":{"line":164,"column":4},"end":{"line":164,"column":79}},"81":{"start":{"line":166,"column":22},"end":{"line":166,"column":39}},"82":{"start":{"line":167,"column":2},"end":{"line":167,"column":37}},"83":{"start":{"line":168,"column":2},"end":{"line":168,"column":34}},"84":{"start":{"line":169,"column":2},"end":{"line":169,"column":86}},"85":{"start":{"line":170,"column":2},"end":{"line":170,"column":23}},"86":{"start":{"line":172,"column":22},"end":{"line":172,"column":91}},"87":{"start":{"line":172,"column":60},"end":{"line":172,"column":90}},"88":{"start":{"line":173,"column":2},"end":{"line":177,"column":3}},"89":{"start":{"line":174,"column":4},"end":{"line":176,"column":7}},"90":{"start":{"line":175,"column":6},"end":{"line":175,"column":34}},"91":{"start":{"line":178,"column":2},"end":{"line":183,"column":5}},"92":{"start":{"line":186,"column":0},"end":{"line":202,"column":3}},"93":{"start":{"line":187,"column":18},"end":{"line":187,"column":69}},"94":{"start":{"line":188,"column":2},"end":{"line":190,"column":3}},"95":{"start":{"line":189,"column":4},"end":{"line":189,"column":62}},"96":{"start":{"line":191,"column":2},"end":{"line":193,"column":3}},"97":{"start":{"line":192,"column":4},"end":{"line":192,"column":81}},"98":{"start":{"line":194,"column":2},"end":{"line":195,"column":102}},"99":{"start":{"line":196,"column":15},"end":{"line":196,"column":53}},"100":{"start":{"line":197,"column":2},"end":{"line":197,"column":24}},"101":{"start":{"line":198,"column":2},"end":{"line":198,"column":20}},"102":{"start":{"line":199,"column":2},"end":{"line":201,"column":5}},"103":{"start":{"line":204,"column":0},"end":{"line":218,"column":3}},"104":{"start":{"line":205,"column":17},"end":{"line":205,"column":59}},"105":{"start":{"line":206,"column":2},"end":{"line":208,"column":3}},"106":{"start":{"line":207,"column":4},"end":{"line":207,"column":62}},"107":{"start":{"line":209,"column":2},"end":{"line":209,"column":33}},"108":{"start":{"line":210,"column":2},"end":{"line":210,"column":23}},"109":{"start":{"line":211,"column":16},"end":{"line":213,"column":62}},"110":{"start":{"line":214,"column":2},"end":{"line":214,"column":70}},"111":{"start":{"line":215,"column":2},"end":{"line":217,"column":5}},"112":{"start":{"line":221,"column":0},"end":{"line":221,"column":65}},"113":{"start":{"line":223,"column":0},"end":{"line":223,"column":71}}},"fnMap":{"0":{"name":"(anonymous_0)","decl":{"start":{"line":14,"column":30},"end":{"line":14,"column":31}},"loc":{"start":{"line":14,"column":56},"end":{"line":26,"column":1}},"line":14},"1":{"name":"(anonymous_1)","decl":{"start":{"line":28,"column":36},"end":{"line":28,"column":37}},"loc":{"start":{"line":28,"column":62},"end":{"line":45,"column":1}},"line":28},"2":{"name":"(anonymous_2)","decl":{"start":{"line":47,"column":33},"end":{"line":47,"column":34}},"loc":{"start":{"line":47,"column":57},"end":{"line":128,"column":1}},"line":47},"3":{"name":"(anonymous_3)","decl":{"start":{"line":57,"column":30},"end":{"line":57,"column":31}},"loc":{"start":{"line":57,"column":48},"end":{"line":93,"column":5}},"line":57},"4":{"name":"(anonymous_4)","decl":{"start":{"line":129,"column":34},"end":{"line":129,"column":35}},"loc":{"start":{"line":129,"column":60},"end":{"line":157,"column":1}},"line":129},"5":{"name":"(anonymous_5)","decl":{"start":{"line":158,"column":33},"end":{"line":158,"column":34}},"loc":{"start":{"line":158,"column":59},"end":{"line":184,"column":1}},"line":158},"6":{"name":"(anonymous_6)","decl":{"start":{"line":172,"column":47},"end":{"line":172,"column":48}},"loc":{"start":{"line":172,"column":60},"end":{"line":172,"column":90}},"line":172},"7":{"name":"(anonymous_7)","decl":{"start":{"line":174,"column":24},"end":{"line":174,"column":25}},"loc":{"start":{"line":174,"column":34},"end":{"line":176,"column":5}},"line":174},"8":{"name":"(anonymous_8)","decl":{"start":{"line":186,"column":35},"end":{"line":186,"column":36}},"loc":{"start":{"line":186,"column":61},"end":{"line":202,"column":1}},"line":186},"9":{"name":"(anonymous_9)","decl":{"start":{"line":204,"column":33},"end":{"line":204,"column":34}},"loc":{"start":{"line":204,"column":59},"end":{"line":218,"column":1}},"line":204},"10":{"name":"(anonymous_10)","decl":{"start":{"line":221,"column":35},"end":{"line":221,"column":36}},"loc":{"start":{"line":221,"column":61},"end":{"line":221,"column":63}},"line":221}},"branchMap":{"0":{"loc":{"start":{"line":16,"column":2},"end":{"line":18,"column":3}},"type":"if","locations":[{"start":{"line":16,"column":2},"end":{"line":18,"column":3}},{"start":{},"end":{}}],"line":16},"1":{"loc":{"start":{"line":29,"column":21},"end":{"line":29,"column":40}},"type":"binary-expr","locations":[{"start":{"line":29,"column":21},"end":{"line":29,"column":35}},{"start":{"line":29,"column":39},"end":{"line":29,"column":40}}],"line":29},"2":{"loc":{"start":{"line":31,"column":2},"end":{"line":36,"column":3}},"type":"if","locations":[{"start":{"line":31,"column":2},"end":{"line":36,"column":3}},{"start":{},"end":{}}],"line":31},"3":{"loc":{"start":{"line":33,"column":4},"end":{"line":35,"column":5}},"type":"if","locations":[{"start":{"line":33,"column":4},"end":{"line":35,"column":5}},{"start":{},"end":{}}],"line":33},"4":{"loc":{"start":{"line":49,"column":2},"end":{"line":51,"column":3}},"type":"if","locations":[{"start":{"line":49,"column":2},"end":{"line":51,"column":3}},{"start":{},"end":{}}],"line":49},"5":{"loc":{"start":{"line":56,"column":2},"end":{"line":94,"column":3}},"type":"if","locations":[{"start":{"line":56,"column":2},"end":{"line":94,"column":3}},{"start":{},"end":{}}],"line":56},"6":{"loc":{"start":{"line":56,"column":6},"end":{"line":56,"column":55}},"type":"binary-expr","locations":[{"start":{"line":56,"column":6},"end":{"line":56,"column":23}},{"start":{"line":56,"column":27},"end":{"line":56,"column":55}}],"line":56},"7":{"loc":{"start":{"line":59,"column":6},"end":{"line":61,"column":7}},"type":"if","locations":[{"start":{"line":59,"column":6},"end":{"line":61,"column":7}},{"start":{},"end":{}}],"line":59},"8":{"loc":{"start":{"line":63,"column":6},"end":{"line":65,"column":7}},"type":"if","locations":[{"start":{"line":63,"column":6},"end":{"line":65,"column":7}},{"start":{},"end":{}}],"line":63},"9":{"loc":{"start":{"line":78,"column":6},"end":{"line":92,"column":7}},"type":"if","locations":[{"start":{"line":78,"column":6},"end":{"line":92,"column":7}},{"start":{},"end":{}}],"line":78},"10":{"loc":{"start":{"line":89,"column":8},"end":{"line":91,"column":9}},"type":"if","locations":[{"start":{"line":89,"column":8},"end":{"line":91,"column":9}},{"start":{},"end":{}}],"line":89},"11":{"loc":{"start":{"line":89,"column":12},"end":{"line":89,"column":77}},"type":"binary-expr","locations":[{"start":{"line":89,"column":12},"end":{"line":89,"column":48}},{"start":{"line":89,"column":52},"end":{"line":89,"column":77}}],"line":89},"12":{"loc":{"start":{"line":97,"column":2},"end":{"line":127,"column":3}},"type":"if","locations":[{"start":{"line":97,"column":2},"end":{"line":127,"column":3}},{"start":{},"end":{}}],"line":97},"13":{"loc":{"start":{"line":110,"column":4},"end":{"line":126,"column":5}},"type":"if","locations":[{"start":{"line":110,"column":4},"end":{"line":126,"column":5}},{"start":{},"end":{}}],"line":110},"14":{"loc":{"start":{"line":111,"column":6},"end":{"line":125,"column":7}},"type":"if","locations":[{"start":{"line":111,"column":6},"end":{"line":125,"column":7}},{"start":{},"end":{}}],"line":111},"15":{"loc":{"start":{"line":122,"column":8},"end":{"line":124,"column":9}},"type":"if","locations":[{"start":{"line":122,"column":8},"end":{"line":124,"column":9}},{"start":{},"end":{}}],"line":122},"16":{"loc":{"start":{"line":122,"column":12},"end":{"line":122,"column":77}},"type":"binary-expr","locations":[{"start":{"line":122,"column":12},"end":{"line":122,"column":48}},{"start":{"line":122,"column":52},"end":{"line":122,"column":77}}],"line":122},"17":{"loc":{"start":{"line":131,"column":2},"end":{"line":133,"column":3}},"type":"if","locations":[{"start":{"line":131,"column":2},"end":{"line":133,"column":3}},{"start":{},"end":{}}],"line":131},"18":{"loc":{"start":{"line":134,"column":2},"end":{"line":136,"column":3}},"type":"if","locations":[{"start":{"line":134,"column":2},"end":{"line":136,"column":3}},{"start":{},"end":{}}],"line":134},"19":{"loc":{"start":{"line":137,"column":2},"end":{"line":139,"column":3}},"type":"if","locations":[{"start":{"line":137,"column":2},"end":{"line":139,"column":3}},{"start":{},"end":{}}],"line":137},"20":{"loc":{"start":{"line":160,"column":2},"end":{"line":162,"column":3}},"type":"if","locations":[{"start":{"line":160,"column":2},"end":{"line":162,"column":3}},{"start":{},"end":{}}],"line":160},"21":{"loc":{"start":{"line":163,"column":2},"end":{"line":165,"column":3}},"type":"if","locations":[{"start":{"line":163,"column":2},"end":{"line":165,"column":3}},{"start":{},"end":{}}],"line":163},"22":{"loc":{"start":{"line":173,"column":2},"end":{"line":177,"column":3}},"type":"if","locations":[{"start":{"line":173,"column":2},"end":{"line":177,"column":3}},{"start":{},"end":{}}],"line":173},"23":{"loc":{"start":{"line":188,"column":2},"end":{"line":190,"column":3}},"type":"if","locations":[{"start":{"line":188,"column":2},"end":{"line":190,"column":3}},{"start":{},"end":{}}],"line":188},"24":{"loc":{"start":{"line":191,"column":2},"end":{"line":193,"column":3}},"type":"if","locations":[{"start":{"line":191,"column":2},"end":{"line":193,"column":3}},{"start":{},"end":{}}],"line":191},"25":{"loc":{"start":{"line":206,"column":2},"end":{"line":208,"column":3}},"type":"if","locations":[{"start":{"line":206,"column":2},"end":{"line":208,"column":3}},{"start":{},"end":{}}],"line":206},"26":{"loc":{"start":{"line":211,"column":16},"end":{"line":213,"column":62}},"type":"cond-expr","locations":[{"start":{"line":212,"column":4},"end":{"line":212,"column":66}},{"start":{"line":213,"column":4},"end":{"line":213,"column":62}}],"line":211}},"s":{"0":9,"1":9,"2":9,"3":9,"4":9,"5":9,"6":9,"7":9,"8":9,"9":9,"10":9,"11":9,"12":9,"13":0,"14":0,"15":0,"16":0,"17":0,"18":9,"19":0,"20":0,"21":0,"22":0,"23":0,"24":0,"25":0,"26":0,"27":9,"28":0,"29":0,"30":0,"31":0,"32":0,"33":0,"34":0,"35":0,"36":0,"37":0,"38":0,"39":0,"40":0,"41":0,"42":0,"43":0,"44":0,"45":0,"46":0,"47":0,"48":0,"49":0,"50":0,"51":0,"52":0,"53":0,"54":0,"55":0,"56":0,"57":0,"58":0,"59":0,"60":0,"61":9,"62":0,"63":0,"64":0,"65":0,"66":0,"67":0,"68":0,"69":0,"70":0,"71":0,"72":0,"73":0,"74":0,"75":9,"76":0,"77":0,"78":0,"79":0,"80":0,"81":0,"82":0,"83":0,"84":0,"85":0,"86":0,"87":0,"88":0,"89":0,"90":0,"91":0,"92":9,"93":0,"94":0,"95":0,"96":0,"97":0,"98":0,"99":0,"100":0,"101":0,"102":0,"103":9,"104":0,"105":0,"106":0,"107":0,"108":0,"109":0,"110":0,"111":0,"112":9,"113":9},"f":{"0":0,"1":0,"2":0,"3":0,"4":0,"5":0,"6":0,"7":0,"8":0,"9":0,"10":0},"b":{"0":[0,0],"1":[0,0],"2":[0,0],"3":[0,0],"4":[0,0],"5":[0,0],"6":[0,0],"7":[0,0],"8":[0,0],"9":[0,0],"10":[0,0],"11":[0,0],"12":[0,0],"13":[0,0],"14":[0,0],"15":[0,0],"16":[0,0],"17":[0,0],"18":[0,0],"19":[0,0],"20":[0,0],"21":[0,0],"22":[0,0],"23":[0,0],"24":[0,0],"25":[0,0],"26":[0,0]},"_coverageSchema":"1a1c01bbd47fc00a2c39e90264f33305004495a9","hash":"2399a4818a5bd7285c1ee4dbb423b8ead62d4a68"}
,"C:\\Users\\maria\\OneDrive\\Desktop\\projects\\CMP web project\\Backend\\controllers\\errorcontroller.js": {"path":"C:\\Users\\maria\\OneDrive\\Desktop\\projects\\CMP web project\\Backend\\controllers\\errorcontroller.js","statementMap":{"0":{"start":{"line":1,"column":17},"end":{"line":1,"column":47}},"1":{"start":{"line":3,"column":26},"end":{"line":7,"column":1}},"2":{"start":{"line":5,"column":18},"end":{"line":5,"column":53}},"3":{"start":{"line":6,"column":2},"end":{"line":6,"column":36}},"4":{"start":{"line":9,"column":32},"end":{"line":14,"column":1}},"5":{"start":{"line":10,"column":17},"end":{"line":10,"column":66}},"6":{"start":{"line":10,"column":55},"end":{"line":10,"column":65}},"7":{"start":{"line":11,"column":16},"end":{"line":11,"column":55}},"8":{"start":{"line":12,"column":18},"end":{"line":12,"column":79}},"9":{"start":{"line":13,"column":2},"end":{"line":13,"column":36}},"10":{"start":{"line":16,"column":32},"end":{"line":19,"column":1}},"11":{"start":{"line":17,"column":18},"end":{"line":17,"column":59}},"12":{"start":{"line":18,"column":2},"end":{"line":18,"column":36}},"13":{"start":{"line":21,"column":23},"end":{"line":23,"column":1}},"14":{"start":{"line":22,"column":2},"end":{"line":22,"column":64}},"15":{"start":{"line":25,"column":30},"end":{"line":27,"column":1}},"16":{"start":{"line":26,"column":2},"end":{"line":26,"column":72}},"17":{"start":{"line":29,"column":21},"end":{"line":36,"column":1}},"18":{"start":{"line":30,"column":2},"end":{"line":35,"column":5}},"19":{"start":{"line":38,"column":22},"end":{"line":55,"column":1}},"20":{"start":{"line":39,"column":2},"end":{"line":54,"column":3}},"21":{"start":{"line":41,"column":4},"end":{"line":44,"column":7}},"22":{"start":{"line":48,"column":4},"end":{"line":48,"column":32}},"23":{"start":{"line":50,"column":4},"end":{"line":53,"column":7}},"24":{"start":{"line":57,"column":0},"end":{"line":75,"column":2}},"25":{"start":{"line":58,"column":2},"end":{"line":58,"column":41}},"26":{"start":{"line":59,"column":2},"end":{"line":59,"column":37}},"27":{"start":{"line":60,"column":2},"end":{"line":74,"column":3}},"28":{"start":{"line":61,"column":4},"end":{"line":61,"column":28}},"29":{"start":{"line":62,"column":4},"end":{"line":62,"column":27}},"30":{"start":{"line":63,"column":9},"end":{"line":74,"column":3}},"31":{"start":{"line":64,"column":4},"end":{"line":64,"column":29}},"32":{"start":{"line":65,"column":16},"end":{"line":65,"column":19}},"33":{"start":{"line":66,"column":4},"end":{"line":66,"column":69}},"34":{"start":{"line":66,"column":36},"end":{"line":66,"column":69}},"35":{"start":{"line":67,"column":4},"end":{"line":67,"column":69}},"36":{"start":{"line":67,"column":30},"end":{"line":67,"column":69}},"37":{"start":{"line":68,"column":4},"end":{"line":70,"column":5}},"38":{"start":{"line":69,"column":6},"end":{"line":69,"column":45}},"39":{"start":{"line":71,"column":4},"end":{"line":71,"column":69}},"40":{"start":{"line":71,"column":44},"end":{"line":71,"column":69}},"41":{"start":{"line":72,"column":4},"end":{"line":72,"column":76}},"42":{"start":{"line":72,"column":44},"end":{"line":72,"column":76}},"43":{"start":{"line":73,"column":4},"end":{"line":73,"column":30}}},"fnMap":{"0":{"name":"(anonymous_0)","decl":{"start":{"line":3,"column":26},"end":{"line":3,"column":27}},"loc":{"start":{"line":3,"column":35},"end":{"line":7,"column":1}},"line":3},"1":{"name":"(anonymous_1)","decl":{"start":{"line":9,"column":32},"end":{"line":9,"column":33}},"loc":{"start":{"line":9,"column":41},"end":{"line":14,"column":1}},"line":9},"2":{"name":"(anonymous_2)","decl":{"start":{"line":10,"column":47},"end":{"line":10,"column":48}},"loc":{"start":{"line":10,"column":55},"end":{"line":10,"column":65}},"line":10},"3":{"name":"(anonymous_3)","decl":{"start":{"line":16,"column":32},"end":{"line":16,"column":33}},"loc":{"start":{"line":16,"column":41},"end":{"line":19,"column":1}},"line":16},"4":{"name":"(anonymous_4)","decl":{"start":{"line":21,"column":23},"end":{"line":21,"column":24}},"loc":{"start":{"line":21,"column":29},"end":{"line":23,"column":1}},"line":21},"5":{"name":"(anonymous_5)","decl":{"start":{"line":25,"column":30},"end":{"line":25,"column":31}},"loc":{"start":{"line":25,"column":36},"end":{"line":27,"column":1}},"line":25},"6":{"name":"(anonymous_6)","decl":{"start":{"line":29,"column":21},"end":{"line":29,"column":22}},"loc":{"start":{"line":29,"column":35},"end":{"line":36,"column":1}},"line":29},"7":{"name":"(anonymous_7)","decl":{"start":{"line":38,"column":22},"end":{"line":38,"column":23}},"loc":{"start":{"line":38,"column":36},"end":{"line":55,"column":1}},"line":38},"8":{"name":"(anonymous_8)","decl":{"start":{"line":57,"column":17},"end":{"line":57,"column":18}},"loc":{"start":{"line":57,"column":42},"end":{"line":75,"column":1}},"line":57}},"branchMap":{"0":{"loc":{"start":{"line":39,"column":2},"end":{"line":54,"column":3}},"type":"if","locations":[{"start":{"line":39,"column":2},"end":{"line":54,"column":3}},{"start":{"line":45,"column":9},"end":{"line":54,"column":3}}],"line":39},"1":{"loc":{"start":{"line":58,"column":19},"end":{"line":58,"column":40}},"type":"binary-expr","locations":[{"start":{"line":58,"column":19},"end":{"line":58,"column":33}},{"start":{"line":58,"column":37},"end":{"line":58,"column":40}}],"line":58},"2":{"loc":{"start":{"line":59,"column":15},"end":{"line":59,"column":36}},"type":"binary-expr","locations":[{"start":{"line":59,"column":15},"end":{"line":59,"column":25}},{"start":{"line":59,"column":29},"end":{"line":59,"column":36}}],"line":59},"3":{"loc":{"start":{"line":60,"column":2},"end":{"line":74,"column":3}},"type":"if","locations":[{"start":{"line":60,"column":2},"end":{"line":74,"column":3}},{"start":{"line":63,"column":9},"end":{"line":74,"column":3}}],"line":60},"4":{"loc":{"start":{"line":63,"column":9},"end":{"line":74,"column":3}},"type":"if","locations":[{"start":{"line":63,"column":9},"end":{"line":74,"column":3}},{"start":{},"end":{}}],"line":63},"5":{"loc":{"start":{"line":66,"column":4},"end":{"line":66,"column":69}},"type":"if","locations":[{"start":{"line":66,"column":4},"end":{"line":66,"column":69}},{"start":{},"end":{}}],"line":66},"6":{"loc":{"start":{"line":67,"column":4},"end":{"line":67,"column":69}},"type":"if","locations":[{"start":{"line":67,"column":4},"end":{"line":67,"column":69}},{"start":{},"end":{}}],"line":67},"7":{"loc":{"start":{"line":68,"column":4},"end":{"line":70,"column":5}},"type":"if","locations":[{"start":{"line":68,"column":4},"end":{"line":70,"column":5}},{"start":{},"end":{}}],"line":68},"8":{"loc":{"start":{"line":71,"column":4},"end":{"line":71,"column":69}},"type":"if","locations":[{"start":{"line":71,"column":4},"end":{"line":71,"column":69}},{"start":{},"end":{}}],"line":71},"9":{"loc":{"start":{"line":72,"column":4},"end":{"line":72,"column":76}},"type":"if","locations":[{"start":{"line":72,"column":4},"end":{"line":72,"column":76}},{"start":{},"end":{}}],"line":72}},"s":{"0":9,"1":9,"2":0,"3":0,"4":9,"5":0,"6":0,"7":0,"8":0,"9":0,"10":9,"11":0,"12":0,"13":9,"14":0,"15":9,"16":0,"17":9,"18":0,"19":9,"20":0,"21":0,"22":0,"23":0,"24":9,"25":0,"26":0,"27":0,"28":0,"29":0,"30":0,"31":0,"32":0,"3
[...]
decl":{"start":{"line":34,"column":53},"end":{"line":34,"column":54}},"loc":{"start":{"line":34,"column":62},"end":{"line":34,"column":76}},"line":34},"4":{"name":"(anonymous_4)","decl":{"start":{"line":43,"column":52},"end":{"line":43,"column":53}},"loc":{"start":{"line":43,"column":62},"end":{"line":43,"column":77}},"line":43},"5":{"name":"(anonymous_5)","decl":{"start":{"line":50,"column":64},"end":{"line":50,"column":65}},"loc":{"start":{"line":50,"column":77},"end":{"line":50,"column":95}},"line":50},"6":{"name":"(anonymous_6)","decl":{"start":{"line":52,"column":52},"end":{"line":52,"column":53}},"loc":{"start":{"line":52,"column":65},"end":{"line":52,"column":83}},"line":52},"7":{"name":"(anonymous_7)","decl":{"start":{"line":53,"column":56},"end":{"line":53,"column":57}},"loc":{"start":{"line":53,"column":69},"end":{"line":53,"column":87}},"line":53},"8":{"name":"(anonymous_8)","decl":{"start":{"line":67,"column":17},"end":{"line":67,"column":18}},"loc":{"start":{"line":67,"column":35},"end":{"line":77,"column":1}},"line":67}},"branchMap":{"0":{"loc":{"start":{"line":8,"column":2},"end":{"line":15,"column":3}},"type":"if","locations":[{"start":{"line":8,"column":2},"end":{"line":15,"column":3}},{"start":{"line":13,"column":9},"end":{"line":15,"column":3}}],"line":8},"1":{"loc":{"start":{"line":9,"column":4},"end":{"line":10,"column":50}},"type":"binary-expr","locations":[{"start":{"line":9,"column":4},"end":{"line":9,"column":29}},{"start":{"line":10,"column":4},"end":{"line":10,"column":50}}],"line":9},"2":{"loc":{"start":{"line":13,"column":9},"end":{"line":15,"column":3}},"type":"if","locations":[{"start":{"line":13,"column":9},"end":{"line":15,"column":3}},{"start":{},"end":{}}],"line":13},"3":{"loc":{"start":{"line":16,"column":2},"end":{"line":16,"column":30}},"type":"if","locations":[{"start":{"line":16,"column":2},"end":{"line":16,"column":30}},{"start":{},"end":{}}],"line":16},"4":{"loc":{"start":{"line":19,"column":2},"end":{"line":19,"column":29}},"type":"if","locations":[{"start":{"line":19,"column":2},"end":{"line":19,"column":29}},{"start":{},"end":{}}],"line":19},"5":{"loc":{"start":{"line":31,"column":4},"end":{"line":39,"column":5}},"type":"if","locations":[{"start":{"line":31,"column":4},"end":{"line":39,"column":5}},{"start":{},"end":{}}],"line":31},"6":{"loc":{"start":{"line":31,"column":8},"end":{"line":31,"column":46}},"type":"binary-expr","locations":[{"start":{"line":31,"column":8},"end":{"line":31,"column":19}},{"start":{"line":31,"column":23},"end":{"line":31,"column":46}}],"line":31},"7":{"loc":{"start":{"line":33,"column":6},"end":{"line":38,"column":7}},"type":"if","locations":[{"start":{"line":33,"column":6},"end":{"line":38,"column":7}},{"start":{},"end":{}}],"line":33},"8":{"loc":{"start":{"line":35,"column":8},"end":{"line":37,"column":9}},"type":"if","locations":[{"start":{"line":35,"column":8},"end":{"line":37,"column":9}},{"start":{},"end":{}}],"line":35},"9":{"loc":{"start":{"line":35,"column":12},"end":{"line":35,"column":103}},"type":"binary-expr","locations":[{"start":{"line":35,"column":12},"end":{"line":35,"column":58}},{"start":{"line":35,"column":62},"end":{"line":35,"column":103}}],"line":35},"10":{"loc":{"start":{"line":40,"column":4},"end":{"line":48,"column":5}},"type":"if","locations":[{"start":{"line":40,"column":4},"end":{"line":48,"column":5}},{"start":{},"end":{}}],"line":40},"11":{"loc":{"start":{"line":42,"column":6},"end":{"line":47,"column":7}},"type":"if","locations":[{"start":{"line":42,"column":6},"end":{"line":47,"column":7}},{"start":{},"end":{}}],"line":42},"12":{"loc":{"start":{"line":44,"column":8},"end":{"line":46,"column":9}},"type":"if","locations":[{"start":{"line":44,"column":8},"end":{"line":46,"column":9}},{"start":{},"end":{}}],"line":44},"13":{"loc":{"start":{"line":55,"column":4},"end":{"line":61,"column":5}},"type":"if","locations":[{"start":{"line":55,"column":4},"end":{"line":61,"column":5}},{"start":{"line":57,"column":11},"end":{"line":61,"column":5}}],"line":55},"14":{"loc":{"start":{"line":57,"column":11},"end":{"line":61,"column":5}},"type":"if","locations":[{"start":{"line":57,"column":11},"end":{"line":61,"column":5}},{"start":{"line":59,"column":11},"end":{"line":61,"column":5}}],"line":57},"15":{"loc":{"start":{"line":71,"column":4},"end":{"line":73,"column":5}},"type":"if","locations":[{"start":{"line":71,"column":4},"end":{"line":73,"column":5}},{"start":{},"end":{}}],"line":71},"16":{"loc":{"start":{"line":71,"column":8},"end":{"line":71,"column":52}},"type":"binary-expr","locations":[{"start":{"line":71,"column":8},"end":{"line":71,"column":23}},{"start":{"line":71,"column":25},"end":{"line":71,"column":52}}],"line":71}},"s":{"0":9,"1":9,"2":9,"3":9,"4":9,"5":9,"6":0,"7":0,"8":0,"9":0,"10":0,"11":0,"12":0,"13":0,"14":0,"15":0,"16":0,"17":0,"18":0,"19":0,"20":0,"21":0,"22":0,"23":0,"24":0,"25":0,"26":0,"27":0,"28":0,"29":0,"30":0,"31":0,"32":0,"33":0,"34":0,"35":0,"36":0,"37":0,"38":0,"39":0,"40":0,"41":0,"42":0,"43":0,"44":0,"45":0,"46":0,"47":0,"48":0,"49":0,"50":0,"51":0,"52":0,"53":0,"54":9,"55":0,"56":0,"57":0,"58":0,"59":0,"60":0,"61":0},"f":{"0":0,"1":0,"2":0,"3":0,"4":0,"5":0,"6":0,"7":0,"8":0},"b":{"0":[0,0],"1":[0,0],"2":[0,0],"3":[0,0],"4":[0,0],"5":[0,0],"6":[0,0],"7":[0,0],"8":[0,0],"9":[0,0],"10":[0,0],"11":[0,0],"12":[0,0],"13":[0,0],"14":[0,0],"15":[0,0],"16":[0,0]},"_coverageSchema":"1a1c01bbd47fc00a2c39e90264f33305004495a9","hash":"d2baf04d2571046c34e7d4c60a92c7af6015401d"}
,"C:\\Users\\maria\\OneDrive\\Desktop\\projects\\CMP web project\\Backend\\utils\\firebaseinit.js": {"path":"C:\\Users\\maria\\OneDrive\\Desktop\\projects\\CMP web project\\Backend\\utils\\firebaseinit.js","statementMap":{"0":{"start":{"line":1,"column":17},"end":{"line":1,"column":42}},"1":{"start":{"line":3,"column":23},"end":{"line":3,"column":95}},"2":{"start":{"line":5,"column":0},"end":{"line":7,"column":3}},"3":{"start":{"line":9,"column":0},"end":{"line":9,"column":26}}},"fnMap":{},"branchMap":{},"s":{"0":9,"1":9,"2":9,"3":9},"f":{},"b":{},"_coverageSchema":"1a1c01bbd47fc00a2c39e90264f33305004495a9","hash":"cd5ed83b68721f5b9247003da43b5776e680b2bc"}
,"C:\\Users\\maria\\OneDrive\\Desktop\\projects\\CMP web project\\Backend\\utils\\paginate.js": {"path":"C:\\Users\\maria\\OneDrive\\Desktop\\projects\\CMP web project\\Backend\\utils\\paginate.js","statementMap":{"0":{"start":{"line":1,"column":0},"end":{"line":9,"column":2}},"1":{"start":{"line":2,"column":2},"end":{"line":4,"column":3}},"2":{"start":{"line":3,"column":4},"end":{"line":3,"column":17}},"3":{"start":{"line":5,"column":2},"end":{"line":7,"column":3}},"4":{"start":{"line":6,"column":4},"end":{"line":6,"column":14}},"5":{"start":{"line":8,"column":2},"end":{"line":8,"column":87}}},"fnMap":{"0":{"name":"(anonymous_0)","decl":{"start":{"line":1,"column":17},"end":{"line":1,"column":18}},"loc":{"start":{"line":1,"column":46},"end":{"line":9,"column":1}},"line":1}},"branchMap":{"0":{"loc":{"start":{"line":2,"column":2},"end":{"line":4,"column":3}},"type":"if","locations":[{"start":{"line":2,"column":2},"end":{"line":4,"column":3}},{"start":{},"end":{}}],"line":2},"1":{"loc":{"start":{"line":5,"column":2},"end":{"line":7,"column":3}},"type":"if","locations":[{"start":{"line":5,"column":2},"end":{"line":7,"column":3}},{"start":{},"end":{}}],"line":5}},"s":{"0":9,"1":0,"2":0,"3":0,"4":0,"5":0},"f":{"0":0},"b":{"0":[0,0],"1":[0,0]},"_coverageSchema":"1a1c01bbd47fc00a2c39e90264f33305004495a9","hash":"ad08eec828163ec33d010a224db0c49118727c3c"}
,"C:\\Users\\maria\\OneDrive\\Desktop\\projects\\CMP web project\\Backend\\utils\\postutil.js": {"path":"C:\\Users\\maria\\OneDrive\\Desktop\\projects\\CMP web project\\Backend\\utils\\postutil.js","statementMap":{"0":{"start":{"line":1,"column":18},"end":{"line":1,"column":48}},"1":{"start":{"line":2,"column":23},"end":{"line":2,"column":58}},"2":{"start":{"line":3,"column":12},"end":{"line":3,"column":35}},"3":{"start":{"line":4,"column":20},"end":{"line":4,"column":35}},"4":{"start":{"line":5,"column":0},"end":{"line":97,"column":2}},"5":{"start":{"line":6,"column":14},"end":{"line":6,"column":16}},"6":{"start":{"line":7,"column":20},"end":{"line":7,"column":29}},"7":{"start":{"line":8,"column":2},"end":{"line":23,"column":3}},"8":{"start":{"line":9,"column":15},"end":{"line":9,"column":31}},"9":{"start":{"line":10,"column":4},"end":{"line":14,"column":5}},"10":{"start":{"line":11,"column":24},"end":{"line":11,"column":44}},"11":{"start":{"line":12,"column":26},"end":{"line":12,"column":47}},"12":{"start":{"line":13,"column":6},"end":{"line":13,"column":63}},"13":{"start":{"line":15,"column":4},"end":{"line":21,"column":5}},"14":{"start":{"line":16,"column":6},"end":{"line":20,"column":13}},"15":{"start":{"line":17,"column":8},"end":{"line":17,"column":32}},"16":{"start":{"line":18,"column":8},"end":{"line":18,"column":83}},"17":{"start":{"line":18,"column":29},"end":{"line":18,"column":81}},"18":{"start":{"line":19,"column":8},"end":{"line":19,"column":19}},"19":{"start":{"line":22,"column":4},"end":{"line":22,"column":21}},"20":{"start":{"line":25,"column":2},"end":{"line":32,"column":3}},"21":{"start":{"line":29,"column":4},"end":{"line":29,"column":52}},"22":{"start":{"line":30,"column":9},"end":{"line":32,"column":3}},"23":{"start":{"line":31,"column":4},"end":{"line":31,"column":28}},"24":{"start":{"line":33,"column":22},"end":{"line":33,"column":24}},"25":{"start":{"line":34,"column":2},"end":{"line":45,"column":3}},"26":{"start":{"line":35,"column":4},"end":{"line":44,"column":5}},"27":{"start":{"line":36,"column":24},"end":{"line":36,"column":74}},"28":{"start":{"line":37,"column":6},"end":{"line":41,"column":7}},"29":{"start":{"line":38,"column":8},"end":{"line":40,"column":9}},"30":{"start":{"line":39,"column":10},"end":{"line":39,"column":33}},"31":{"start":{"line":43,"column":6},"end":{"line":43,"column":29}},"32":{"start":{"line":46,"column":2},"end":{"line":48,"column":3}},"33":{"start":{"line":47,"column":4},"end":{"line":47,"column":23}},"34":{"start":{"line":49,"column":18},"end":{"line":49,"column":76}},"35":{"start":{"line":50,"column":15},"end":{"line":50,"column":55}},"36":{"start":{"line":51,"column":2},"end":{"line":51,"column":32}},"37":{"start":{"line":51,"column":13},"end":{"line":51,"column":32}},"38":{"start":{"line":52,"column":19},"end":{"line":52,"column":21}},"39":{"start":{"line":54,"column":2},"end":{"line":95,"column":3}},"40":{"start":{"line":55,"column":17},"end":{"line":55,"column":31}},"41":{"start":{"line":56,"column":4},"end":{"line":65,"column":5}},"42":{"start":{"line":57,"column":18},"end":{"line":57,"column":37}},"43":{"start":{"line":58,"column":24},"end":{"line":58,"column":65}},"44":{"start":{"line":59,"column":6},"end":{"line":64,"column":7}},"45":{"start":{"line":60,"column":25},"end":{"line":60,"column":75}},"46":{"start":{"line":60,"column":60},"end":{"line":60,"column":74}},"47":{"start":{"line":61,"column":8},"end":{"line":63,"column":9}},"48":{"start":{"line":62,"column":10},"end":{"line":62,"column":19}},"49":{"start":{"line":66,"column":4},"end":{"line":74,"column":5}},"50":{"start":{"line":67,"column":19},"end":{"line":67,"column":56}},"51":{"start":{"line":68,"column":6},"end":{"line":73,"column":7}},"52":{"start":{"line":69,"column":26},"end":{"line":69,"column":76}},"53":{"start":{"line":69,"column":60},"end":{"line":69,"column":75}},"54":{"start":{"line":70,"column":8},"end":{"line":72,"column":9}},"55":{"start":{"line":71,"column":10},"end":{"line":71,"column":19}},"56":{"start":{"line":75,"column":23},"end":{"line":75,"column":70}},"57":{"start":{"line":75,"column":54},"end":{"line":75,"column":69}},"58":{"start":{"line":76,"column":4},"end":{"line":76,"column":59}},"59":{"start":{"line":77,"column":22},"end":{"line":77,"column":85}},"60":{"start":{"line":77,"column":69},"end":{"line":77,"column":84}},"61":{"start":{"line":78,"column":4},"end":{"line":78,"column":57}},"62":{"start":{"line":79,"column":24},"end":{"line":79,"column":73}},"63":{"start":{"line":79,"column":57},"end":{"line":79,"column":72}},"64":{"start":{"line":80,"column":4},"end":{"line":82,"column":5}},"65":{"start":{"line":81,"column":6},"end":{"line":81,"column":30}},"66":{"start":{"line":83,"column":26},"end":{"line":83,"column":77}},"67":{"start":{"line":83,"column":61},"end":{"line":83,"column":76}},"68":{"start":{"line":84,"column":4},"end":{"line":86,"column":5}},"69":{"start":{"line":85,"column":6},"end":{"line":85,"column":32}},"70":{"start":{"line":87,"column":4},"end":{"line":89,"column":5}},"71":{"start":{"line":88,"column":6},"end":{"line":88,"column":27}},"72":{"start":{"line":90,"column":4},"end":{"line":92,"column":5}},"73":{"start":{"line":91,"column":6},"end":{"line":91,"column":73}},"74":{"start":{"line":94,"column":4},"end":{"line":94,"column":24}},"75":{"start":{"line":96,"column":2},"end":{"line":96,"column":18}}},"fnMap":{"0":{"name":"(anonymous_0)","decl":{"start":{"line":5,"column":21},"end":{"line":5,"column":22}},"loc":{"start":{"line":5,"column":44},"end":{"line":97,"column":1}},"line":5},"1":{"name":"(anonymous_1)","decl":{"start":{"line":16,"column":47},"end":{"line":16,"column":48}},"loc":{"start":{"line":16,"column":70},"end":{"line":20,"column":7}},"line":16},"2":{"name":"(anonymous_2)","decl":{"start":{"line":18,"column":22},"end":{"line":18,"column":23}},"loc":{"start":{"line":18,"column":29},"end":{"line":18,"column":81}},"line":18},"3":{"name":"(anonymous_3)","decl":{"start":{"line":60,"column":51},"end":{"line":60,"column":52}},"loc":{"start":{"line":60,"column":60},"end":{"line":60,"column":74}},"line":60},"4":{"name":"(anonymous_4)","decl":{"start":{"line":69,"column":50},"end":{"line":69,"column":51}},"loc":{"start":{"line":69,"column":60},"end":{"line":69,"column":75}},"line":69},"5":{"name":"(anonymous_5)","decl":{"start":{"line":75,"column":44},"end":{"line":75,"column":45}},"loc":{"start":{"line":75,"column":54},"end":{"line":75,"column":69}},"line":75},"6":{"name":"(anonymous_6)","decl":{"start":{"line":77,"column":59},"end":{"line":77,"column":60}},"loc":{"start":{"line":77,"column":69},"end":{"line":77,"column":84}},"line":77},"7":{"name":"(anonymous_7)","decl":{"start":{"line":79,"column":47},"end":{"line":79,"column":48}},"loc":{"start":{"line":79,"column":57},"end":{"line":79,"column":72}},"line":79},"8":{"name":"(anonymous_8)","decl":{"start":{"line":83,"column":51},"end":{"line":83,"column":52}},"loc":{"start":{"line":83,"column":61},"end":{"line":83,"column":76}},"line":83}},"branchMap":{"0":{"loc":{"start":{"line":10,"column":4},"end":{"line":14,"column":5}},"type":"if","locations":[{"start":{"line":10,"column":4},"end":{"line":14,"column":5}},{"start":{},"end":{}}],"line":10},"1":{"loc":{"start":{"line":15,"column":4},"end":{"line":21,"column":5}},"type":"if","locations":[{"start":{"line":15,"column":4},"end":{"line":21,"column":5}},{"start":{},"end":{}}],"line":15},"2":{"loc":{"start":{"line":25,"column":2},"end":{"line":32,"column":3}},"type":"if","locations":[{"start":{"line":25,"column":2},"end":{"line":32,"column":3}},{"start":{"line":30,"column":9},"end":{"line":32,"column":3}}],"line":25},"3":{"loc":{"start":{"line":26,"column":4},"end":{"line":27,"column":52}},"type":"binary-expr","locations":[{"start":{"line":26,"column":4},"end":{"line":26,"column":29}},{"start":{"line":27,"column":6},"end":{"line":27,"column":52}}],"line":26},"4":{"loc":{"start":{"line":30,"column":9},"end":{"line":32,"column":3}},"type":"if","locations":[{"start":{"line":30,"column":9},"end":{"line":32,"column":3}},{"start":{},"end":{}}],"line":30},"5":{"loc":{"start":{"line":35,"column":4},"end":{"line":44,"column":5}},"type":"if","locations":[{"start":{"line":35,"column":4},"end":{"line":44,"column":5}},{"start":{"line":42,"column":11},"end":{"line":44,"column":5}}],"line":35},"6":{"loc":{"start":{"line":37,"column":6},"end":{"line":41,"column":7}},"type":"if","locations":[{"start":{"line":37,"column":6},"end":{"line":41,"column":7}},{"start":{},"end":{}}],"line":37},"7":{"loc":{"start":{"line":38,"column":8},"end":{"line":40,"column":9}},"type":"if","locations":[{"start":{"line":38,"column":8},"end":{"line":40,"column":9}},{"start":{},"end":{}}],"line":38},"8":{"loc":{"start":{"line":46,"column":2},"end":{"line":48,"column":3}},"type":"if","locations":[{"start":{"line":46,"column":2},"end":{"line":48,"column":3}},{"start":{},"end":{}}],"line":46},"9":{"loc":{"start":{"line":51,"column":2},"end":{"line":51,"column":32}},"type":"if","locations":[{"start":{"line":51,"column":2},"end":{"line":51,"column":32}},{"start":{},"end":{}}],"line":51},"10":{"loc":{"start":{"line":56,"column":4},"end":{"line":65,"column":5}},"type":"if","locations":[{"start":{"line":56,"column":4},"end":{"line":65,"column":5}},{"start":{},"end":{}}],"line":56},"11":{"loc":{"start":{"line":59,"column":6},"end":{"line":64,"column":7}},"type":"if","locations":[{"start":{"line":59,"column":6},"end":{"line":64,"column":7}},{"start":{},"end":{}}],"line":59},"12":{"loc":{"start":{"line":61,"column":8},"end":{"line":63,"column":9}},"type":"if","locations":[{"start":{"line":61,"column":8},"end":{"line":63,"column":9}},{"start":{},"end":{}}],"line":61},"13":{"loc":{"start":{"line":61,"column":12},"end":{"line":61,"column":84}},"type":"binary-expr","locations":[{"start":{"line":61,"column":12},"end":{"line":61,"column":39}},{"start":{"line":61,"column":43},"end":{"line":61,"column":84}}],"line":61},"14":{"loc":{"start":{"line":66,"column":4},"end":{"line":74,"column":5}},"type":"if","locations":[{"start":{"line":66,"column":4},"end":{"line":74,"column":5}},{"start":{},"end":{}}],"line":66},"15":{"loc":{"start":{"line":68,"column":6},"end":{"line":73,"column":7}},"type":"if","locations":[{"start":{"line":68,"column":6},"end":{"line":73,"column":7}},{"start":{},"end":{}}],"line":68},"16":{"loc":{"start":{"line":70,"column":8},"end":{"line":72,"column":9}},"type":"if","locations":[{"start":{"line":70,"column":8},"end":{"line":72,"column":9}},{"start":{},"end":{}}],"line":70},"17":{"loc":{"start":{"line":80,"column":4},"end":{"line":82,"column":5}},"type":"if","locations":[{"start":{"line":80,"column":4},"end":{"line":82,"column":5}},{"start":{},"end":{}}],"line":80},"18":{"loc":{"start":{"line":84,"column":4},"end":{"line":86,"column":5}},"type":"if","locations":[{"start":{"line":84,"column":4},"end":{"line":86,"column":5}},{"start":{},"end":{}}],"line":84},"19":{"loc":{"start":{"line":87,"column":4},"end":{"line":89,"column":5}},"type":"if","locations":[{"start":{"line":87,"column":4},"end":{"line":89,"column":5}},{"start":{},"end":{}}],"line":87},"20":{"loc":{"start":{"line":90,"column":4},"end":{"line":92,"column":5}},"type":"if","locations":[{"start":{"line":90,"column":4},"end":{"line":92,"column":5}},{"start":{},"end":{}}],"line":90},"21":{"loc":{"start":{"line":91,"column":24},"end":{"line":91,"column":72}},"type":"binary-expr","locations":[{"start":{"line":91,"column":24},"end":{"line":91,"column":66}},{"start":{"line":91,"column":68},"end":{"line":91,"column":72}}],"line":91}},"s":{"0":9,"1":9,"2":9,"3":9,"4":9,"5":0,"6":0,"7":0,"8":0,"9":0,"10":0,"11":0,"12":0,"13":0,"14":0,"15":0,"16":0,"17":0,"18":0,"19":0,"20":0,"21":0,"22":0,"23":0,"24":0,"25":0,"26":0,"27":0,"28":0,"29":0,"30":0,"31":0,"32":0,"33":0,"34":0,"35":0,"36":0,"37":0,"38":0,"39":0,"40":0,"41":0,"42":0,"43":0,"44":0,"45":0,"46":0,"47":0,"48":0,"49":0,"50":0,"51":0,"52":0,"53":0,"54":0,"55":0,"56":0,"57":0,"58":0,"59":0,"60":0,"61":0,"62":0,"63":0,"64":0,"65":0,"66":0,"67":0,"68":0,"69":0,"70":0,"71":0,"72":0,"73":0,"74":0,"75":0},"f":{"0":0,"1":0,"2":0,"3":0,"4":0,"5":0,"6":0,"7":0,"8":0},"b":{"0":[0,0],"1":[0,0],"2":[0,0],"3":[0,0],"4":[0,0],"5":[0,0],"6":[0,0],"7":[0,0],"8":[0,0],"9":[0,0],"10":[0,0],"11":[0,0],"12":[0,0],"13":[0,0],"14":[0,0],"15":[0,0],"16":[0,0],"17":[0,0],"18":[0,0],"19":[0,0],"20":[0,0],"21":[0,0]},"_coverageSchema":"1a1c01bbd47fc00a2c39e90264f33305004495a9","hash":"2231a7aab235ef41c714dd6feecb7f68d3c6752c"}
}
